
7-Zip (A) 4.57  Copyright (c) 1999-2007 Igor Pavlov  2007-12-06

Processing archive: 202111_20211109-2039.7z

Testing     202111\SispartsConexao_20211025-1443.7z
Testing     202111\SispartsConexao_20211026-1114.7z
Testing     202111\SispartsConexao_20211101_1436.rar
Testing     202111\20211103_1431\00_AreaDeTestes.bas
Testing     202111\20211103_1514\00_AreaDeTestes.bas
Testing     202111\20211103_1626\00_AreaDeTestes.bas
Testing     202111\20211103_1659\00_AreaDeTestes.bas
Testing     202111\20211103_1731\00_AreaDeTestes.bas
Testing     202111\20211103_1744\00_AreaDeTestes.bas
Testing     202111\20211103_2006\00_AreaDeTestes.bas
Testing     202111\20211103_2007\00_AreaDeTestes.bas
Testing     202111\20211101_1424\00_Info.bas
Testing     202111\SispartsConexao_20211101_1436\referencia\20211101_1424\00_Info.bas
Testing     202111\20211101_2111\00_Info.bas
Testing     202111\20211101_2258\00_Info.bas
Testing     202111\20211102_0930\00_Info.bas
Testing     202111\20211102_1515\00_Info.bas
Testing     202111\20211102_1753\00_Info.bas
Testing     202111\20211103_1431\00_Info.bas
Testing     202111\20211103_1514\00_Info.bas
Testing     202111\20211103_1626\00_Info.bas
Testing     202111\20211103_1659\00_Info.bas
Testing     202111\20211103_1731\00_Info.bas
Testing     202111\20211103_1744\00_Info.bas
Testing     202111\20211103_2006\00_Info.bas
Testing     202111\20211103_2007\00_Info.bas
Testing     202111\20211105_1035\00_Info.bas
Testing     202111\20211105_1413\00_Info.bas
Testing     202111\20211105_1447\00_Info.bas
Testing     202111\20211105_1644\00_Info.bas
Testing     202111\20211105_1749\00_Info.bas
Testing     202111\20211108_0903\00_Info.bas
Testing     202111\20211109_1030\00_Info.bas
Testing     202111\20211109_1045\00_Info.bas
Testing     202111\20211109_1229\00_Info.bas
Testing     202111\20211109_1307\00_Info.bas
Testing     202111\20211109_1359\00_Info.bas
Testing     202111\20211109_1406\00_Info.bas
Testing     202111\20211109_2030\00_Info.bas
Testing     202111\20211105_1413\00_Processamento.bas
Testing     202111\20211105_1447\00_Processamento.bas
Testing     202111\20211105_1644\00_Processamento.bas
Testing     202111\20211105_1749\00_Processamento.bas
Testing     202111\20211108_0903\00_Processamento.bas
Testing     202111\20211109_1030\00_Processamento.bas
Testing     202111\20211109_1045\00_Processamento.bas
Testing     202111\20211109_1229\00_Processamento.bas
Testing     202111\20211109_1307\00_Processamento.bas
Testing     202111\20211109_1359\00_Processamento.bas
Testing     202111\20211109_1406\00_Processamento.bas
Testing     202111\20211109_2030\00_Processamento.bas
Testing     202111\20211101_1424\01_modFernanda.bas
Testing     202111\SispartsConexao_20211101_1436\referencia\20211101_1424\01_modFernanda.bas
Testing     202111\20211101_2111\01_modFernanda.bas
Testing     202111\20211101_2258\01_modFernanda.bas
Testing     202111\20211102_0930\01_modFernanda.bas
Testing     202111\20211102_1515\01_modFernanda.bas
Testing     202111\20211102_1753\01_modFernanda.bas
Testing     202111\20211103_1431\01_modFernanda.bas
Testing     202111\20211103_1514\01_modFernanda.bas
Testing     202111\20211103_1626\01_modFernanda.bas
Testing     202111\20211103_1659\01_modFernanda.bas
Testing     202111\20211103_1731\01_modFernanda.bas
Testing     202111\20211103_1744\01_modFernanda.bas
Testing     202111\20211103_2006\01_modFernanda.bas
Testing     202111\20211103_2007\01_modFernanda.bas
Testing     202111\20211105_1035\01_modFernanda.bas
Testing     202111\20211105_1413\01_modFernanda.bas
Testing     202111\20211105_1447\01_modFernanda.bas
Testing     202111\20211105_1644\01_modFernanda.bas
Testing     202111\20211105_1749\01_modFernanda.bas
Testing     202111\20211108_0903\01_modFernanda.bas
Testing     202111\20211109_1030\01_modFernanda.bas
Testing     202111\20211109_1045\01_modFernanda.bas
Testing     202111\20211109_1229\01_modFernanda.bas
Testing     202111\20211109_1307\01_modFernanda.bas
Testing     202111\20211109_1359\01_modFernanda.bas
Testing     202111\20211109_1406\01_modFernanda.bas
Testing     202111\20211109_2030\01_modFernanda.bas
Testing     202111\20211101_1424\02_modMSSQL.bas
Testing     202111\SispartsConexao_20211101_1436\referencia\20211101_1424\02_modMSSQL.bas
Testing     202111\20211101_2111\02_modMSSQL.bas
Testing     202111\20211101_2258\02_modMSSQL.bas
Testing     202111\20211102_0930\02_modMSSQL.bas
Testing     202111\20211102_1515\02_modMSSQL.bas
Testing     202111\20211102_1753\02_modMSSQL.bas
Testing     202111\20211103_1431\02_modMSSQL.bas
Testing     202111\20211103_1514\02_modMSSQL.bas
Testing     202111\20211103_1626\02_modMSSQL.bas
Testing     202111\20211103_1659\02_modMSSQL.bas
Testing     202111\20211103_1731\02_modMSSQL.bas
Testing     202111\20211103_1744\02_modMSSQL.bas
Testing     202111\20211103_2006\02_modMSSQL.bas
Testing     202111\20211103_2007\02_modMSSQL.bas
Testing     202111\20211105_1035\02_modMSSQL.bas
Testing     202111\20211105_1413\02_modMSSQL.bas
Testing     202111\20211105_1447\02_modMSSQL.bas
Testing     202111\20211105_1644\02_modMSSQL.bas
Testing     202111\20211105_1749\02_modMSSQL.bas
Testing     202111\20211108_0903\02_modMSSQL.bas
Testing     202111\20211109_1030\02_modMSSQL.bas
Testing     202111\20211109_1045\02_modMSSQL.bas
Testing     202111\20211109_1229\02_modMSSQL.bas
Testing     202111\20211109_1307\02_modMSSQL.bas
Testing     202111\20211109_1359\02_modMSSQL.bas
Testing     202111\20211109_1406\02_modMSSQL.bas
Testing     202111\20211109_2030\02_modMSSQL.bas
Testing     202111\20211101_1424\azsCadastroRegistros.bas
Testing     202111\SispartsConexao_20211101_1436\referencia\20211101_1424\azsCadastroRegistros.bas
Testing     202111\20211101_2111\azsCadastroRegistros.bas
Testing     202111\20211101_2258\azsCadastroRegistros.bas
Testing     202111\20211102_0930\azsCadastroRegistros.bas
Testing     202111\20211102_1515\azsCadastroRegistros.bas
Testing     202111\20211102_1753\azsCadastroRegistros.bas
Testing     202111\20211103_1431\azsCadastroRegistros.bas
Testing     202111\20211103_1514\azsCadastroRegistros.bas
Testing     202111\20211103_1626\azsCadastroRegistros.bas
Testing     202111\20211103_1659\azsCadastroRegistros.bas
Testing     202111\20211103_1731\azsCadastroRegistros.bas
Testing     202111\20211103_1744\azsCadastroRegistros.bas
Testing     202111\20211103_2006\azsCadastroRegistros.bas
Testing     202111\20211103_2007\azsCadastroRegistros.bas
Testing     202111\20211105_1035\azsCadastroRegistros.bas
Testing     202111\20211105_1413\azsCadastroRegistros.bas
Testing     202111\20211105_1447\azsCadastroRegistros.bas
Testing     202111\20211105_1644\azsCadastroRegistros.bas
Testing     202111\20211105_1749\azsCadastroRegistros.bas
Testing     202111\20211108_0903\azsCadastroRegistros.bas
Testing     202111\20211109_1030\azsCadastroRegistros.bas
Testing     202111\20211109_1045\azsCadastroRegistros.bas
Testing     202111\20211109_1229\azsCadastroRegistros.bas
Testing     202111\20211109_1307\azsCadastroRegistros.bas
Testing     202111\20211109_1359\azsCadastroRegistros.bas
Testing     202111\20211109_1406\azsCadastroRegistros.bas
Testing     202111\20211109_2030\azsCadastroRegistros.bas
Testing     202111\20211101_1424\azsExportAllCodeMSAccess.bas
Testing     202111\SispartsConexao_20211101_1436\referencia\20211101_1424\azsExportAllCodeMSAccess.bas
Testing     202111\20211101_2111\azsExportAllCodeMSAccess.bas
Testing     202111\20211101_2258\azsExportAllCodeMSAccess.bas
Testing     202111\20211102_0930\azsExportAllCodeMSAccess.bas
Testing     202111\20211102_1515\azsExportAllCodeMSAccess.bas
Testing     202111\20211102_1753\azsExportAllCodeMSAccess.bas
Testing     202111\20211103_1431\azsExportAllCodeMSAccess.bas
Testing     202111\20211103_1514\azsExportAllCodeMSAccess.bas
Testing     202111\20211103_1626\azsExportAllCodeMSAccess.bas
Testing     202111\20211103_1659\azsExportAllCodeMSAccess.bas
Testing     202111\20211103_1731\azsExportAllCodeMSAccess.bas
Testing     202111\20211103_1744\azsExportAllCodeMSAccess.bas
Testing     202111\20211103_2006\azsExportAllCodeMSAccess.bas
Testing     202111\20211103_2007\azsExportAllCodeMSAccess.bas
Testing     202111\20211105_1035\azsExportAllCodeMSAccess.bas
Testing     202111\20211105_1413\azsExportAllCodeMSAccess.bas
Testing     202111\20211105_1447\azsExportAllCodeMSAccess.bas
Testing     202111\20211105_1644\azsExportAllCodeMSAccess.bas
Testing     202111\20211105_1749\azsExportAllCodeMSAccess.bas
Testing     202111\20211108_0903\azsExportAllCodeMSAccess.bas
Testing     202111\20211109_1030\azsExportAllCodeMSAccess.bas
Testing     202111\20211109_1045\azsExportAllCodeMSAccess.bas
Testing     202111\20211109_1229\azsExportAllCodeMSAccess.bas
Testing     202111\20211109_1307\azsExportAllCodeMSAccess.bas
Testing     202111\20211109_1359\azsExportAllCodeMSAccess.bas
Testing     202111\20211109_1406\azsExportAllCodeMSAccess.bas
Testing     202111\20211109_2030\azsExportAllCodeMSAccess.bas
Testing     202111\20211101_1424\azs_VALIDAR_DADOS.bas
Testing     202111\SispartsConexao_20211101_1436\referencia\20211101_1424\azs_VALIDAR_DADOS.bas
Testing     202111\20211101_2111\azs_VALIDAR_DADOS.bas
Testing     202111\20211101_2258\azs_VALIDAR_DADOS.bas
Testing     202111\20211102_0930\azs_VALIDAR_DADOS.bas
Testing     202111\20211102_1515\azs_VALIDAR_DADOS.bas
Testing     202111\20211102_1753\azs_VALIDAR_DADOS.bas
Testing     202111\20211103_1431\azs_VALIDAR_DADOS.bas
Testing     202111\20211103_1514\azs_VALIDAR_DADOS.bas
Testing     202111\20211103_1626\azs_VALIDAR_DADOS.bas
Testing     202111\20211103_1659\azs_VALIDAR_DADOS.bas
Testing     202111\20211103_1731\azs_VALIDAR_DADOS.bas
Testing     202111\20211103_1744\azs_VALIDAR_DADOS.bas
Testing     202111\20211103_2006\azs_VALIDAR_DADOS.bas
Testing     202111\20211103_2007\azs_VALIDAR_DADOS.bas
Testing     202111\20211105_1035\azs_VALIDAR_DADOS.bas
Testing     202111\20211105_1413\azs_VALIDAR_DADOS.bas
Testing     202111\20211105_1447\azs_VALIDAR_DADOS.bas
Testing     202111\20211105_1644\azs_VALIDAR_DADOS.bas
Testing     202111\20211105_1749\azs_VALIDAR_DADOS.bas
Testing     202111\20211108_0903\azs_VALIDAR_DADOS.bas
Testing     202111\20211109_1030\azs_VALIDAR_DADOS.bas
Testing     202111\20211109_1045\azs_VALIDAR_DADOS.bas
Testing     202111\20211109_1229\azs_VALIDAR_DADOS.bas
Testing     202111\20211109_1307\azs_VALIDAR_DADOS.bas
Testing     202111\20211109_1359\azs_VALIDAR_DADOS.bas
Testing     202111\20211109_1406\azs_VALIDAR_DADOS.bas
Testing     202111\20211109_2030\azs_VALIDAR_DADOS.bas
Testing     202111\20211101_1424\basConexao.bas
Testing     202111\SispartsConexao_20211101_1436\referencia\20211101_1424\basConexao.bas
Testing     202111\20211101_2111\basConexao.bas
Testing     202111\20211101_2258\basConexao.bas
Testing     202111\20211102_0930\basConexao.bas
Testing     202111\20211102_1515\basConexao.bas
Testing     202111\20211102_1753\basConexao.bas
Testing     202111\20211103_1431\basConexao.bas
Testing     202111\20211103_1514\basConexao.bas
Testing     202111\20211103_1626\basConexao.bas
Testing     202111\20211103_1659\basConexao.bas
Testing     202111\20211103_1731\basConexao.bas
Testing     202111\20211103_1744\basConexao.bas
Testing     202111\20211103_2006\basConexao.bas
Testing     202111\20211103_2007\basConexao.bas
Testing     202111\20211105_1035\basConexao.bas
Testing     202111\20211105_1413\basConexao.bas
Testing     202111\20211105_1447\basConexao.bas
Testing     202111\20211105_1644\basConexao.bas
Testing     202111\20211105_1749\basConexao.bas
Testing     202111\20211108_0903\basConexao.bas
Testing     202111\20211109_1030\basConexao.bas
Testing     202111\20211109_1045\basConexao.bas
Testing     202111\20211109_1229\basConexao.bas
Testing     202111\20211109_1307\basConexao.bas
Testing     202111\20211109_1359\basConexao.bas
Testing     202111\20211109_1406\basConexao.bas
Testing     202111\20211109_2030\basConexao.bas
Testing     202111\20211101_1424\basUtilitarios.bas
Testing     202111\SispartsConexao_20211101_1436\referencia\20211101_1424\basUtilitarios.bas
Testing     202111\20211101_2111\basUtilitarios.bas
Testing     202111\20211101_2258\basUtilitarios.bas
Testing     202111\20211102_0930\basUtilitarios.bas
Testing     202111\20211102_1515\basUtilitarios.bas
Testing     202111\20211102_1753\basUtilitarios.bas
Testing     202111\20211103_1431\basUtilitarios.bas
Testing     202111\20211103_1514\basUtilitarios.bas
Testing     202111\20211103_1626\basUtilitarios.bas
Testing     202111\20211103_1659\basUtilitarios.bas
Testing     202111\20211103_1731\basUtilitarios.bas
Testing     202111\20211103_1744\basUtilitarios.bas
Testing     202111\20211103_2006\basUtilitarios.bas
Testing     202111\20211103_2007\basUtilitarios.bas
Testing     202111\20211105_1035\basUtilitarios.bas
Testing     202111\20211105_1413\basUtilitarios.bas
Testing     202111\20211105_1447\basUtilitarios.bas
Testing     202111\20211105_1644\basUtilitarios.bas
Testing     202111\20211105_1749\basUtilitarios.bas
Testing     202111\20211108_0903\basUtilitarios.bas
Testing     202111\20211109_1030\basUtilitarios.bas
Testing     202111\20211109_1045\basUtilitarios.bas
Testing     202111\20211109_1229\basUtilitarios.bas
Testing     202111\20211109_1307\basUtilitarios.bas
Testing     202111\20211109_1359\basUtilitarios.bas
Testing     202111\20211109_1406\basUtilitarios.bas
Testing     202111\20211109_2030\basUtilitarios.bas
Testing     202111\20211101_1424\libUteis.bas
Testing     202111\SispartsConexao_20211101_1436\referencia\20211101_1424\libUteis.bas
Testing     202111\20211101_2111\libUteis.bas
Testing     202111\20211101_2258\libUteis.bas
Testing     202111\20211102_0930\libUteis.bas
Testing     202111\20211102_1515\libUteis.bas
Testing     202111\20211102_1753\libUteis.bas
Testing     202111\20211103_1431\libUteis.bas
Testing     202111\20211103_1514\libUteis.bas
Testing     202111\20211103_1626\libUteis.bas
Testing     202111\20211103_1659\libUteis.bas
Testing     202111\20211103_1731\libUteis.bas
Testing     202111\20211103_1744\libUteis.bas
Testing     202111\20211103_2006\libUteis.bas
Testing     202111\20211103_2007\libUteis.bas
Testing     202111\20211105_1035\libUteis.bas
Testing     202111\20211105_1413\libUteis.bas
Testing     202111\20211105_1447\libUteis.bas
Testing     202111\20211105_1644\libUteis.bas
Testing     202111\20211105_1749\libUteis.bas
Testing     202111\20211108_0903\libUteis.bas
Testing     202111\20211109_1030\libUteis.bas
Testing     202111\20211109_1045\libUteis.bas
Testing     202111\20211109_1229\libUteis.bas
Testing     202111\20211109_1307\libUteis.bas
Testing     202111\20211109_1359\libUteis.bas
Testing     202111\20211109_1406\libUteis.bas
Testing     202111\20211109_2030\libUteis.bas
Testing     202111\20211101_1424\modDeclara‡oes.bas
Testing     202111\SispartsConexao_20211101_1436\referencia\20211101_1424\modDeclara‡oes.bas
Testing     202111\20211101_2111\modDeclara‡oes.bas
Testing     202111\20211101_2258\modDeclara‡oes.bas
Testing     202111\20211102_0930\modDeclara‡oes.bas
Testing     202111\20211102_1515\modDeclara‡oes.bas
Testing     202111\20211102_1753\modDeclara‡oes.bas
Testing     202111\20211103_1431\modDeclara‡oes.bas
Testing     202111\20211103_1514\modDeclara‡oes.bas
Testing     202111\20211103_1626\modDeclara‡oes.bas
Testing     202111\20211103_1659\modDeclara‡oes.bas
Testing     202111\20211103_1731\modDeclara‡oes.bas
Testing     202111\20211103_1744\modDeclara‡oes.bas
Testing     202111\20211103_2006\modDeclara‡oes.bas
Testing     202111\20211103_2007\modDeclara‡oes.bas
Testing     202111\20211105_1035\modDeclara‡oes.bas
Testing     202111\20211105_1413\modDeclara‡oes.bas
Testing     202111\20211105_1447\modDeclara‡oes.bas
Testing     202111\20211105_1644\modDeclara‡oes.bas
Testing     202111\20211105_1749\modDeclara‡oes.bas
Testing     202111\20211108_0903\modDeclara‡oes.bas
Testing     202111\20211109_1030\modDeclara‡oes.bas
Testing     202111\20211109_1045\modDeclara‡oes.bas
Testing     202111\20211109_1229\modDeclara‡oes.bas
Testing     202111\20211109_1307\modDeclara‡oes.bas
Testing     202111\20211109_1359\modDeclara‡oes.bas
Testing     202111\20211109_1406\modDeclara‡oes.bas
Testing     202111\20211109_2030\modDeclara‡oes.bas
Testing     202111\20211101_1424\modFuncoesGerais.bas
Testing     202111\SispartsConexao_20211101_1436\referencia\20211101_1424\modFuncoesGerais.bas
Testing     202111\20211101_2111\modFuncoesGerais.bas
Testing     202111\20211101_2258\modFuncoesGerais.bas
Testing     202111\20211102_0930\modFuncoesGerais.bas
Testing     202111\20211102_1515\modFuncoesGerais.bas
Testing     202111\20211102_1753\modFuncoesGerais.bas
Testing     202111\20211103_1431\modFuncoesGerais.bas
Testing     202111\20211103_1514\modFuncoesGerais.bas
Testing     202111\20211103_1626\modFuncoesGerais.bas
Testing     202111\20211103_1659\modFuncoesGerais.bas
Testing     202111\20211103_1731\modFuncoesGerais.bas
Testing     202111\20211103_1744\modFuncoesGerais.bas
Testing     202111\20211103_2006\modFuncoesGerais.bas
Testing     202111\20211103_2007\modFuncoesGerais.bas
Testing     202111\20211105_1035\modFuncoesGerais.bas
Testing     202111\20211105_1413\modFuncoesGerais.bas
Testing     202111\20211105_1447\modFuncoesGerais.bas
Testing     202111\20211105_1644\modFuncoesGerais.bas
Testing     202111\20211105_1749\modFuncoesGerais.bas
Testing     202111\20211108_0903\modFuncoesGerais.bas
Testing     202111\20211109_1030\modFuncoesGerais.bas
Testing     202111\20211109_1045\modFuncoesGerais.bas
Testing     202111\20211109_1229\modFuncoesGerais.bas
Testing     202111\20211109_1307\modFuncoesGerais.bas
Testing     202111\20211109_1359\modFuncoesGerais.bas
Testing     202111\20211109_1406\modFuncoesGerais.bas
Testing     202111\20211109_2030\modFuncoesGerais.bas
Testing     202111\20211101_1424\modImpXMLSAM.bas
Testing     202111\SispartsConexao_20211101_1436\referencia\20211101_1424\modImpXMLSAM.bas
Testing     202111\20211101_2111\modImpXMLSAM.bas
Testing     202111\20211101_2258\modImpXMLSAM.bas
Testing     202111\20211102_0930\modImpXMLSAM.bas
Testing     202111\20211102_1515\modImpXMLSAM.bas
Testing     202111\20211102_1753\modImpXMLSAM.bas
Testing     202111\20211103_1431\modImpXMLSAM.bas
Testing     202111\20211103_1514\modImpXMLSAM.bas
Testing     202111\20211103_1626\modImpXMLSAM.bas
Testing     202111\20211103_1659\modImpXMLSAM.bas
Testing     202111\20211103_1731\modImpXMLSAM.bas
Testing     202111\20211103_1744\modImpXMLSAM.bas
Testing     202111\20211103_2006\modImpXMLSAM.bas
Testing     202111\20211103_2007\modImpXMLSAM.bas
Testing     202111\20211105_1035\modImpXMLSAM.bas
Testing     202111\20211105_1413\modImpXMLSAM.bas
Testing     202111\20211105_1447\modImpXMLSAM.bas
Testing     202111\20211105_1644\modImpXMLSAM.bas
Testing     202111\20211105_1749\modImpXMLSAM.bas
Testing     202111\20211108_0903\modImpXMLSAM.bas
Testing     202111\20211109_1030\modImpXMLSAM.bas
Testing     202111\20211109_1045\modImpXMLSAM.bas
Testing     202111\20211109_1229\modImpXMLSAM.bas
Testing     202111\20211109_1307\modImpXMLSAM.bas
Testing     202111\20211109_1359\modImpXMLSAM.bas
Testing     202111\20211109_1406\modImpXMLSAM.bas
Testing     202111\20211109_2030\modImpXMLSAM.bas
Testing     202111\20211101_1424\Banco.cls
Testing     202111\SispartsConexao_20211101_1436\referencia\20211101_1424\Banco.cls
Testing     202111\20211101_2111\Banco.cls
Testing     202111\20211101_2258\Banco.cls
Testing     202111\20211102_0930\Banco.cls
Testing     202111\20211102_1515\Banco.cls
Testing     202111\20211102_1753\Banco.cls
Testing     202111\20211103_1431\Banco.cls
Testing     202111\20211103_1514\Banco.cls
Testing     202111\20211103_1626\Banco.cls
Testing     202111\20211103_1659\Banco.cls
Testing     202111\20211103_1731\Banco.cls
Testing     202111\20211103_1744\Banco.cls
Testing     202111\20211103_2006\Banco.cls
Testing     202111\20211103_2007\Banco.cls
Testing     202111\20211105_1035\Banco.cls
Testing     202111\20211105_1413\Banco.cls
Testing     202111\20211105_1447\Banco.cls
Testing     202111\20211105_1644\Banco.cls
Testing     202111\20211105_1749\Banco.cls
Testing     202111\20211108_0903\Banco.cls
Testing     202111\20211109_1030\Banco.cls
Testing     202111\20211109_1045\Banco.cls
Testing     202111\20211109_1229\Banco.cls
Testing     202111\20211109_1307\Banco.cls
Testing     202111\20211109_1359\Banco.cls
Testing     202111\20211109_1406\Banco.cls
Testing     202111\20211109_2030\Banco.cls
Testing     202111\20211101_1424\clsCommonDialog.cls
Testing     202111\SispartsConexao_20211101_1436\referencia\20211101_1424\clsCommonDialog.cls
Testing     202111\20211101_2111\clsCommonDialog.cls
Testing     202111\20211101_2258\clsCommonDialog.cls
Testing     202111\20211102_0930\clsCommonDialog.cls
Testing     202111\20211102_1515\clsCommonDialog.cls
Testing     202111\20211102_1753\clsCommonDialog.cls
Testing     202111\20211103_1431\clsCommonDialog.cls
Testing     202111\20211103_1514\clsCommonDialog.cls
Testing     202111\20211103_1626\clsCommonDialog.cls
Testing     202111\20211103_1659\clsCommonDialog.cls
Testing     202111\20211103_1731\clsCommonDialog.cls
Testing     202111\20211103_1744\clsCommonDialog.cls
Testing     202111\20211103_2006\clsCommonDialog.cls
Testing     202111\20211103_2007\clsCommonDialog.cls
Testing     202111\20211105_1035\clsCommonDialog.cls
Testing     202111\20211105_1413\clsCommonDialog.cls
Testing     202111\20211105_1447\clsCommonDialog.cls
Testing     202111\20211105_1644\clsCommonDialog.cls
Testing     202111\20211105_1749\clsCommonDialog.cls
Testing     202111\20211108_0903\clsCommonDialog.cls
Testing     202111\20211109_1030\clsCommonDialog.cls
Testing     202111\20211109_1045\clsCommonDialog.cls
Testing     202111\20211109_1229\clsCommonDialog.cls
Testing     202111\20211109_1307\clsCommonDialog.cls
Testing     202111\20211109_1359\clsCommonDialog.cls
Testing     202111\20211109_1406\clsCommonDialog.cls
Testing     202111\20211109_2030\clsCommonDialog.cls
Testing     202111\20211101_1424\clsConexaoNfeCte.cls
Testing     202111\SispartsConexao_20211101_1436\referencia\20211101_1424\clsConexaoNfeCte.cls
Testing     202111\20211101_2111\clsConexaoNfeCte.cls
Testing     202111\20211101_2258\clsConexaoNfeCte.cls
Testing     202111\20211102_0930\clsConexaoNfeCte.cls
Testing     202111\20211102_1515\clsConexaoNfeCte.cls
Testing     202111\20211102_1753\clsConexaoNfeCte.cls
Testing     202111\20211103_1431\clsConexaoNfeCte.cls
Testing     202111\20211103_1514\clsConexaoNfeCte.cls
Testing     202111\20211103_1626\clsConexaoNfeCte.cls
Testing     202111\20211103_1659\clsConexaoNfeCte.cls
Testing     202111\20211103_1731\clsConexaoNfeCte.cls
Testing     202111\20211103_1744\clsConexaoNfeCte.cls
Testing     202111\20211103_2006\clsConexaoNfeCte.cls
Testing     202111\20211103_2007\clsConexaoNfeCte.cls
Testing     202111\20211105_1035\clsConexaoNfeCte.cls
Testing     202111\20211105_1413\clsConexaoNfeCte.cls
Testing     202111\20211105_1447\clsConexaoNfeCte.cls
Testing     202111\20211105_1644\clsConexaoNfeCte.cls
Testing     202111\20211105_1749\clsConexaoNfeCte.cls
Testing     202111\20211108_0903\clsConexaoNfeCte.cls
Testing     202111\20211109_1030\clsConexaoNfeCte.cls
Testing     202111\20211109_1045\clsConexaoNfeCte.cls
Testing     202111\20211109_1229\clsConexaoNfeCte.cls
Testing     202111\20211109_1307\clsConexaoNfeCte.cls
Testing     202111\20211109_1359\clsConexaoNfeCte.cls
Testing     202111\20211109_1406\clsConexaoNfeCte.cls
Testing     202111\20211109_2030\clsConexaoNfeCte.cls
Testing     202111\20211101_1424\clsConexaoNFeCTeDados.cls
Testing     202111\SispartsConexao_20211101_1436\referencia\20211101_1424\clsConexaoNFeCTeDados.cls
Testing     202111\20211101_2111\clsConexaoNFeCTeDados.cls
Testing     202111\20211101_2258\clsConexaoNFeCTeDados.cls
Testing     202111\20211102_0930\clsConexaoNFeCTeDados.cls
Testing     202111\20211102_1515\clsConexaoNFeCTeDados.cls
Testing     202111\20211102_1753\clsConexaoNFeCTeDados.cls
Testing     202111\20211103_1431\clsConexaoNFeCTeDados.cls
Testing     202111\20211103_1514\clsConexaoNFeCTeDados.cls
Testing     202111\20211103_1626\clsConexaoNFeCTeDados.cls
Testing     202111\20211103_1659\clsConexaoNFeCTeDados.cls
Testing     202111\20211103_1731\clsConexaoNFeCTeDados.cls
Testing     202111\20211103_1744\clsConexaoNFeCTeDados.cls
Testing     202111\20211103_2006\clsConexaoNFeCTeDados.cls
Testing     202111\20211103_2007\clsConexaoNFeCTeDados.cls
Testing     202111\20211105_1035\clsConexaoNFeCTeDados.cls
Testing     202111\20211105_1413\clsConexaoNFeCTeDados.cls
Testing     202111\20211105_1447\clsConexaoNFeCTeDados.cls
Testing     202111\20211105_1644\clsConexaoNFeCTeDados.cls
Testing     202111\20211105_1749\clsConexaoNFeCTeDados.cls
Testing     202111\20211108_0903\clsConexaoNFeCTeDados.cls
Testing     202111\20211109_1030\clsConexaoNFeCTeDados.cls
Testing     202111\20211109_1045\clsConexaoNFeCTeDados.cls
Testing     202111\20211109_1229\clsConexaoNFeCTeDados.cls
Testing     202111\20211109_1307\clsConexaoNFeCTeDados.cls
Testing     202111\20211109_1359\clsConexaoNFeCTeDados.cls
Testing     202111\20211109_1406\clsConexaoNFeCTeDados.cls
Testing     202111\20211109_2030\clsConexaoNFeCTeDados.cls
Testing     202111\20211101_1424\clsCriarArquivos.cls
Testing     202111\SispartsConexao_20211101_1436\referencia\20211101_1424\clsCriarArquivos.cls
Testing     202111\20211101_2111\clsCriarArquivos.cls
Testing     202111\20211101_2258\clsCriarArquivos.cls
Testing     202111\20211102_0930\clsCriarArquivos.cls
Testing     202111\20211102_1515\clsCriarArquivos.cls
Testing     202111\20211102_1753\clsCriarArquivos.cls
Testing     202111\20211103_1431\clsCriarArquivos.cls
Testing     202111\20211103_1514\clsCriarArquivos.cls
Testing     202111\20211103_1626\clsCriarArquivos.cls
Testing     202111\20211103_1659\clsCriarArquivos.cls
Testing     202111\20211103_1731\clsCriarArquivos.cls
Testing     202111\20211103_1744\clsCriarArquivos.cls
Testing     202111\20211103_2006\clsCriarArquivos.cls
Testing     202111\20211103_2007\clsCriarArquivos.cls
Testing     202111\20211105_1035\clsCriarArquivos.cls
Testing     202111\20211105_1413\clsCriarArquivos.cls
Testing     202111\20211105_1447\clsCriarArquivos.cls
Testing     202111\20211105_1644\clsCriarArquivos.cls
Testing     202111\20211105_1749\clsCriarArquivos.cls
Testing     202111\20211108_0903\clsCriarArquivos.cls
Testing     202111\20211109_1030\clsCriarArquivos.cls
Testing     202111\20211109_1045\clsCriarArquivos.cls
Testing     202111\20211109_1229\clsCriarArquivos.cls
Testing     202111\20211109_1307\clsCriarArquivos.cls
Testing     202111\20211109_1359\clsCriarArquivos.cls
Testing     202111\20211109_1406\clsCriarArquivos.cls
Testing     202111\20211109_2030\clsCriarArquivos.cls
Testing     202111\20211101_1424\clsProcessamento.cls
Testing     202111\SispartsConexao_20211101_1436\referencia\20211101_1424\clsProcessamento.cls
Testing     202111\20211101_2111\clsProcessamento.cls
Testing     202111\20211101_2258\clsProcessamento.cls
Testing     202111\20211102_0930\clsProcessamento.cls
Testing     202111\20211102_1515\clsProcessamento.cls
Testing     202111\20211102_1753\clsProcessamento.cls
Testing     202111\20211103_1431\clsProcessamento.cls
Testing     202111\20211103_1514\clsProcessamento.cls
Testing     202111\20211103_1626\clsProcessamento.cls
Testing     202111\20211103_1659\clsProcessamento.cls
Testing     202111\20211103_1731\clsProcessamento.cls
Testing     202111\20211103_1744\clsProcessamento.cls
Testing     202111\20211103_2006\clsProcessamento.cls
Testing     202111\20211103_2007\clsProcessamento.cls
Testing     202111\20211105_1035\clsProcessamento.cls
Testing     202111\20211105_1413\clsProcessamento.cls
Testing     202111\20211105_1447\clsProcessamento.cls
Testing     202111\20211105_1644\clsProcessamento.cls
Testing     202111\20211105_1749\clsProcessamento.cls
Testing     202111\20211108_0903\clsProcessamento.cls
Testing     202111\20211109_1030\clsProcessamento.cls
Testing     202111\20211109_1045\clsProcessamento.cls
Testing     202111\20211109_1229\clsProcessamento.cls
Testing     202111\20211109_1307\clsProcessamento.cls
Testing     202111\20211109_1359\clsProcessamento.cls
Testing     202111\20211109_1406\clsProcessamento.cls
Testing     202111\20211109_2030\clsProcessamento.cls
Testing     202111\20211101_1424\clsProcessamentoDados.cls
Testing     202111\SispartsConexao_20211101_1436\referencia\20211101_1424\clsProcessamentoDados.cls
Testing     202111\20211101_2111\clsProcessamentoDados.cls
Testing     202111\20211101_2258\clsProcessamentoDados.cls
Testing     202111\20211102_0930\clsProcessamentoDados.cls
Testing     202111\20211102_1515\clsProcessamentoDados.cls
Testing     202111\20211102_1753\clsProcessamentoDados.cls
Testing     202111\20211103_1431\clsProcessamentoDados.cls
Testing     202111\20211103_1514\clsProcessamentoDados.cls
Testing     202111\20211103_1626\clsProcessamentoDados.cls
Testing     202111\20211103_1659\clsProcessamentoDados.cls
Testing     202111\20211103_1731\clsProcessamentoDados.cls
Testing     202111\20211103_1744\clsProcessamentoDados.cls
Testing     202111\20211103_2006\clsProcessamentoDados.cls
Testing     202111\20211103_2007\clsProcessamentoDados.cls
Testing     202111\20211105_1035\clsProcessamentoDados.cls
Testing     202111\20211105_1413\clsProcessamentoDados.cls
Testing     202111\20211105_1447\clsProcessamentoDados.cls
Testing     202111\20211105_1644\clsProcessamentoDados.cls
Testing     202111\20211105_1749\clsProcessamentoDados.cls
Testing     202111\20211108_0903\clsProcessamentoDados.cls
Testing     202111\20211109_1030\clsProcessamentoDados.cls
Testing     202111\20211109_1045\clsProcessamentoDados.cls
Testing     202111\20211109_1229\clsProcessamentoDados.cls
Testing     202111\20211109_1307\clsProcessamentoDados.cls
Testing     202111\20211109_1359\clsProcessamentoDados.cls
Testing     202111\20211109_1406\clsProcessamentoDados.cls
Testing     202111\20211109_2030\clsProcessamentoDados.cls
Testing     202111\20211101_1424\Form_frmCompraNF_ImpXML.cls
Testing     202111\SispartsConexao_20211101_1436\referencia\20211101_1424\Form_frmCompraNF_ImpXML.cls
Testing     202111\20211101_2111\Form_frmCompraNF_ImpXML.cls
Testing     202111\20211101_2258\Form_frmCompraNF_ImpXML.cls
Testing     202111\20211102_0930\Form_frmCompraNF_ImpXML.cls
Testing     202111\20211102_1515\Form_frmCompraNF_ImpXML.cls
Testing     202111\20211102_1753\Form_frmCompraNF_ImpXML.cls
Testing     202111\20211103_1431\Form_frmCompraNF_ImpXML.cls
Testing     202111\20211103_1514\Form_frmCompraNF_ImpXML.cls
Testing     202111\20211103_1626\Form_frmCompraNF_ImpXML.cls
Testing     202111\20211103_1659\Form_frmCompraNF_ImpXML.cls
Testing     202111\20211103_1731\Form_frmCompraNF_ImpXML.cls
Testing     202111\20211103_1744\Form_frmCompraNF_ImpXML.cls
Testing     202111\20211103_2006\Form_frmCompraNF_ImpXML.cls
Testing     202111\20211103_2007\Form_frmCompraNF_ImpXML.cls
Testing     202111\20211105_1035\Form_frmCompraNF_ImpXML.cls
Testing     202111\20211105_1413\Form_frmCompraNF_ImpXML.cls
Testing     202111\20211105_1447\Form_frmCompraNF_ImpXML.cls
Testing     202111\20211105_1644\Form_frmCompraNF_ImpXML.cls
Testing     202111\20211105_1749\Form_frmCompraNF_ImpXML.cls
Testing     202111\20211108_0903\Form_frmCompraNF_ImpXML.cls
Testing     202111\20211109_1030\Form_frmCompraNF_ImpXML.cls
Testing     202111\20211109_1045\Form_frmCompraNF_ImpXML.cls
Testing     202111\20211109_1229\Form_frmCompraNF_ImpXML.cls
Testing     202111\20211109_1307\Form_frmCompraNF_ImpXML.cls
Testing     202111\20211109_1359\Form_frmCompraNF_ImpXML.cls
Testing     202111\20211109_1406\Form_frmCompraNF_ImpXML.cls
Testing     202111\20211109_2030\Form_frmCompraNF_ImpXML.cls
Testing     202111\20211101_1424\Form_frmControleDeArquivos.cls
Testing     202111\SispartsConexao_20211101_1436\referencia\20211101_1424\Form_frmControleDeArquivos.cls
Testing     202111\20211101_2111\Form_frmControleDeArquivos.cls
Testing     202111\20211101_2258\Form_frmControleDeArquivos.cls
Testing     202111\20211102_0930\Form_frmControleDeArquivos.cls
Testing     202111\20211102_1515\Form_frmControleDeArquivos.cls
Testing     202111\20211102_1753\Form_frmControleDeArquivos.cls
Testing     202111\20211103_1431\Form_frmControleDeArquivos.cls
Testing     202111\20211103_1514\Form_frmControleDeArquivos.cls
Testing     202111\20211103_1626\Form_frmControleDeArquivos.cls
Testing     202111\20211103_1659\Form_frmControleDeArquivos.cls
Testing     202111\20211103_1731\Form_frmControleDeArquivos.cls
Testing     202111\20211103_1744\Form_frmControleDeArquivos.cls
Testing     202111\20211103_2006\Form_frmControleDeArquivos.cls
Testing     202111\20211103_2007\Form_frmControleDeArquivos.cls
Testing     202111\20211105_1035\Form_frmControleDeArquivos.cls
Testing     202111\20211105_1413\Form_frmControleDeArquivos.cls
Testing     202111\20211105_1447\Form_frmControleDeArquivos.cls
Testing     202111\20211105_1644\Form_frmControleDeArquivos.cls
Testing     202111\20211105_1749\Form_frmControleDeArquivos.cls
Testing     202111\20211108_0903\Form_frmControleDeArquivos.cls
Testing     202111\20211109_1030\Form_frmControleDeArquivos.cls
Testing     202111\20211109_1045\Form_frmControleDeArquivos.cls
Testing     202111\20211109_1229\Form_frmControleDeArquivos.cls
Testing     202111\20211109_1307\Form_frmControleDeArquivos.cls
Testing     202111\20211109_1359\Form_frmControleDeArquivos.cls
Testing     202111\20211109_1406\Form_frmControleDeArquivos.cls
Testing     202111\20211109_2030\Form_frmControleDeArquivos.cls
Testing     202111\20211103_2159_azs\templates_scripts_20211026_0844.sql
Testing     202111\20211103_2159_azs\42210300634453001303570010001139451001171544.txt
Testing     202111\20211103_2159_azs\note_20211026_0838.txt
Testing     202111\SispartsConexao_20211101_1436\SispartsConexao.accdb
Testing     202111\SispartsConexao_20211101-1627.accdb
Testing     202111\SispartsConexao_20211101-1806.accdb
Testing     202111\SispartsConexao_20211101-1930.accdb
Testing     202111\SispartsConexao_20211101-2112.accdb
Testing     202111\SispartsConexao_20211101-2300.accdb
Testing     202111\20211103_2159_azs\SispartsConexao_20211101_1100.accdb
Testing     202111\SispartsConexao_20211102-0932.accdb
Testing     202111\SispartsConexao_20211103-0946.accdb
Testing     202111\SispartsConexao_20211103-1028.accdb
Testing     202111\SispartsConexao_20211103-1700.accdb
Testing     202111\SispartsConexao_20211103-1744.accdb
Testing     202111\SispartsConexao_20211103-1935.accdb
Testing     202111\SispartsConexao_20211104-0955.accdb
Testing     202111\SispartsConexao_20211105-1033.accdb
Testing     202111\SispartsConexao_20211105-1121.accdb
Testing     202111\SispartsConexao_20211105-1421.accdb
Testing     202111\SispartsConexao_20211105-1644.accdb
Testing     202111\SispartsConexao_20211108-1332.accdb
Testing     202111\SispartsConexao_20211109-1406.accdb
Testing     202111\SispartsConexao_20211109-1700.accdb
Testing     202111\20211103_2159_azs\SispartsConexao_azs.accdb
Testing     202111\20211103_2159_azs\20211026.log
Testing     202111\20211103_2159_azs\20211101.log
Testing     202111\20211103_2159_azs\20211102.log
Testing     202111\20211103_2159_azs\20211103.log
Testing     202111\SispartsConexao_20211101_1436\20211103.log
Testing     202111\20211103_2159_azs\SispartsConexao.mm
Testing     202111\SispartsConexao_20211101_1436\referencia\20211101_1424
Testing     202111\SispartsConexao_20211101_1436\referencia
Testing     202111\SispartsConexao_20211101_1436
Testing     202111\20211109_2030
Testing     202111\20211109_1406
Testing     202111\20211109_1359
Testing     202111\20211109_1307
Testing     202111\20211109_1229
Testing     202111\20211109_1045
Testing     202111\20211109_1030
Testing     202111\20211108_0903
Testing     202111\20211105_1749
Testing     202111\20211105_1644
Testing     202111\20211105_1447
Testing     202111\20211105_1413
Testing     202111\20211105_1035
Testing     202111\20211103_2159_azs
Testing     202111\20211103_2007
Testing     202111\20211103_2006
Testing     202111\20211103_1744
Testing     202111\20211103_1731
Testing     202111\20211103_1659
Testing     202111\20211103_1626
Testing     202111\20211103_1514
Testing     202111\20211103_1431
Testing     202111\20211102_1753
Testing     202111\20211102_1515
Testing     202111\20211102_0930
Testing     202111\20211101_2258
Testing     202111\20211101_2111
Testing     202111\20211101_1424
Testing     202111

Everything is Ok

Folders: 32
Files: 642
Size:       116831151
Compressed: 3783966
