
7-Zip (A) 4.57  Copyright (c) 1999-2007 Igor Pavlov  2007-12-06

Processing archive: 202111_20211203-0700.7z

Testing     202111\SispartsConexao_20211112-0901.7z
Testing     202111\SispartsConexao_20211116_1849_azs.7z
Testing     202111\SispartsConexao_20211125-2233.7z
Testing     202111\SispartsConexao_20211126_1620.7z
Testing     202111\SispartsConexao_20211126_1623.7z
Testing     202111\SispartsConexao_20211129-0827.7z
Testing     202111\SispartsConexao_20211129_0017.7z
Testing     202111\SispartsConexao_20211129_1659.7z
Testing     202111\SispartsConexao_TESTES_FERNANDA_20211124_1425.7z
Testing     202111\SispartsConexao_20211116-1421.accdb
Testing     202111\SispartsConexao_20211124-2336.accdb
Testing     202111\SispartsConexao_20211125-0048.accdb
Testing     202111\SispartsConexao_20211125-0830.accdb
Testing     202111\SispartsConexao_20211125-1833.accdb
Testing     202111\SispartsConexao_20211125-2158.accdb
Testing     202111\SispartsConexao_20211125-2233.accdb
Testing     202111\SispartsConexao_20211125_2238.accdb
Testing     202111\SispartsConexao_20211126-1351.accdb
Testing     202111\SispartsConexao_20211126-1352.accdb
Testing     202111\SispartsConexao_20211126-1530.accdb
Testing     202111\SispartsConexao_20211126-1617.accdb
Testing     202111\SispartsConexao_20211126-2201.accdb
Testing     202111\SispartsConexao_20211126_2313.accdb
Testing     202111\SispartsConexao_20211126_2319.accdb
Testing     202111\SispartsConexao_20211127-0036.accdb
Testing     202111\SispartsConexao_20211127-1118.accdb
Testing     202111\SispartsConexao_20211127-1552.accdb
Testing     202111\SispartsConexao_20211128-0840.accdb
Testing     202111\SispartsConexao_20211128-0840_Backup.accdb
Testing     202111\SispartsConexao_20211128-0840_Backup2.accdb
Testing     202111\SispartsConexao_20211128-1449_OK.accdb
Testing     202111\SispartsConexao_20211128-1504.accdb
Testing     202111\SispartsConexao_20211128-1700.accdb
Testing     202111\SispartsConexao_20211128-1938.accdb
Testing     202111\SispartsConexao_20211128-2209.accdb
Testing     202111\SispartsConexao_20211128-2259_OK.accdb
Testing     202111\SispartsConexao_azs_20211129_0017.accdb
Testing     202111\SispartsConexao_Backup.accdb
Testing     202111\SispartsConexao_TESTES_FERNANDA_20211124_1354.accdb
Testing     202111\SispartsConexao_TESTES_FERNANDA_20211124_2032.accdb
Testing     202111\SispartsConexao_20211129-0827.log
Testing     202111

Everything is Ok

Folders: 1
Files: 41
Size:       208902483
Compressed: 13937853
