
7-Zip (A) 4.57  Copyright (c) 1999-2007 Igor Pavlov  2007-12-06

Processing archive: 202110_20211109-2039.7z

Testing     202110\SispartsConexao_20211025-0044.7z
Testing     202110\20211023_1940\00_Info.bas
Testing     202110\20211024_1049\00_Info.bas
Testing     202110\20211024_1219\00_Info.bas
Testing     202110\20211024_1309\00_Info.bas
Testing     202110\20211024_1417\00_Info.bas
Testing     202110\20211024_1659\00_Info.bas
Testing     202110\20211024_1925\00_Info.bas
Testing     202110\20211024_1935\00_Info.bas
Testing     202110\20211024_2048\00_Info.bas
Testing     202110\20211024_2200\00_Info.bas
Testing     202110\20211024_2245\00_Info.bas
Testing     202110\20211024_2354\00_Info.bas
Testing     202110\20211025_0038\00_Info.bas
Testing     202110\20211025_0043\00_Info.bas
Testing     202110\20211025_1401\00_Info.bas
Testing     202110\20211025_1410\00_Info.bas
Testing     202110\20211025_1814\00_Info.bas
Testing     202110\20211026_1040\00_Info.bas
Testing     202110\20211023_1940\01_modFernanda.bas
Testing     202110\20211024_1049\01_modFernanda.bas
Testing     202110\20211024_1219\01_modFernanda.bas
Testing     202110\20211024_1309\01_modFernanda.bas
Testing     202110\20211024_1417\01_modFernanda.bas
Testing     202110\20211024_1659\01_modFernanda.bas
Testing     202110\20211024_1925\01_modFernanda.bas
Testing     202110\20211024_1935\01_modFernanda.bas
Testing     202110\20211024_2048\01_modFernanda.bas
Testing     202110\20211024_2200\01_modFernanda.bas
Testing     202110\20211024_2245\01_modFernanda.bas
Testing     202110\20211024_2354\01_modFernanda.bas
Testing     202110\20211025_0038\01_modFernanda.bas
Testing     202110\20211025_0043\01_modFernanda.bas
Testing     202110\20211025_1401\01_modFernanda.bas
Testing     202110\20211025_1410\01_modFernanda.bas
Testing     202110\20211025_1814\01_modFernanda.bas
Testing     202110\20211026_1040\01_modFernanda.bas
Testing     202110\20211023_1940\02_modMSSQL.bas
Testing     202110\20211024_1049\02_modMSSQL.bas
Testing     202110\20211024_1219\02_modMSSQL.bas
Testing     202110\20211024_1309\02_modMSSQL.bas
Testing     202110\20211024_1417\02_modMSSQL.bas
Testing     202110\20211024_1659\02_modMSSQL.bas
Testing     202110\20211024_1925\02_modMSSQL.bas
Testing     202110\20211024_1935\02_modMSSQL.bas
Testing     202110\20211024_2048\02_modMSSQL.bas
Testing     202110\20211024_2200\02_modMSSQL.bas
Testing     202110\20211024_2245\02_modMSSQL.bas
Testing     202110\20211024_2354\02_modMSSQL.bas
Testing     202110\20211025_0038\02_modMSSQL.bas
Testing     202110\20211025_0043\02_modMSSQL.bas
Testing     202110\20211025_1401\02_modMSSQL.bas
Testing     202110\20211025_1410\02_modMSSQL.bas
Testing     202110\20211025_1814\02_modMSSQL.bas
Testing     202110\20211026_1040\02_modMSSQL.bas
Testing     202110\20211023_1940\azsCadastroRegistros.bas
Testing     202110\20211024_1049\azsCadastroRegistros.bas
Testing     202110\20211024_1219\azsCadastroRegistros.bas
Testing     202110\20211024_1309\azsCadastroRegistros.bas
Testing     202110\20211024_1417\azsCadastroRegistros.bas
Testing     202110\20211024_1659\azsCadastroRegistros.bas
Testing     202110\20211024_1925\azsCadastroRegistros.bas
Testing     202110\20211024_1935\azsCadastroRegistros.bas
Testing     202110\20211024_2048\azsCadastroRegistros.bas
Testing     202110\20211024_2200\azsCadastroRegistros.bas
Testing     202110\20211024_2245\azsCadastroRegistros.bas
Testing     202110\20211024_2354\azsCadastroRegistros.bas
Testing     202110\20211025_0038\azsCadastroRegistros.bas
Testing     202110\20211025_0043\azsCadastroRegistros.bas
Testing     202110\20211025_1401\azsCadastroRegistros.bas
Testing     202110\20211025_1410\azsCadastroRegistros.bas
Testing     202110\20211025_1814\azsCadastroRegistros.bas
Testing     202110\20211026_1040\azsCadastroRegistros.bas
Testing     202110\20211023_1940\azsExportAllCodeMSAccess.bas
Testing     202110\20211024_1049\azsExportAllCodeMSAccess.bas
Testing     202110\20211024_1219\azsExportAllCodeMSAccess.bas
Testing     202110\20211024_1309\azsExportAllCodeMSAccess.bas
Testing     202110\20211024_1417\azsExportAllCodeMSAccess.bas
Testing     202110\20211024_1659\azsExportAllCodeMSAccess.bas
Testing     202110\20211024_1925\azsExportAllCodeMSAccess.bas
Testing     202110\20211024_1935\azsExportAllCodeMSAccess.bas
Testing     202110\20211024_2048\azsExportAllCodeMSAccess.bas
Testing     202110\20211024_2200\azsExportAllCodeMSAccess.bas
Testing     202110\20211024_2245\azsExportAllCodeMSAccess.bas
Testing     202110\20211024_2354\azsExportAllCodeMSAccess.bas
Testing     202110\20211025_0038\azsExportAllCodeMSAccess.bas
Testing     202110\20211025_0043\azsExportAllCodeMSAccess.bas
Testing     202110\20211025_1401\azsExportAllCodeMSAccess.bas
Testing     202110\20211025_1410\azsExportAllCodeMSAccess.bas
Testing     202110\20211025_1814\azsExportAllCodeMSAccess.bas
Testing     202110\20211026_1040\azsExportAllCodeMSAccess.bas
Testing     202110\20211023_1940\azs_VALIDAR_DADOS.bas
Testing     202110\20211024_1049\azs_VALIDAR_DADOS.bas
Testing     202110\20211024_1219\azs_VALIDAR_DADOS.bas
Testing     202110\20211024_1309\azs_VALIDAR_DADOS.bas
Testing     202110\20211024_1417\azs_VALIDAR_DADOS.bas
Testing     202110\20211024_1659\azs_VALIDAR_DADOS.bas
Testing     202110\20211024_1925\azs_VALIDAR_DADOS.bas
Testing     202110\20211024_1935\azs_VALIDAR_DADOS.bas
Testing     202110\20211024_2048\azs_VALIDAR_DADOS.bas
Testing     202110\20211024_2200\azs_VALIDAR_DADOS.bas
Testing     202110\20211024_2245\azs_VALIDAR_DADOS.bas
Testing     202110\20211024_2354\azs_VALIDAR_DADOS.bas
Testing     202110\20211025_0038\azs_VALIDAR_DADOS.bas
Testing     202110\20211025_0043\azs_VALIDAR_DADOS.bas
Testing     202110\20211025_1401\azs_VALIDAR_DADOS.bas
Testing     202110\20211025_1410\azs_VALIDAR_DADOS.bas
Testing     202110\20211025_1814\azs_VALIDAR_DADOS.bas
Testing     202110\20211026_1040\azs_VALIDAR_DADOS.bas
Testing     202110\20211023_1940\basConexao.bas
Testing     202110\20211024_1049\basConexao.bas
Testing     202110\20211024_1219\basConexao.bas
Testing     202110\20211024_1309\basConexao.bas
Testing     202110\20211024_1417\basConexao.bas
Testing     202110\20211024_1659\basConexao.bas
Testing     202110\20211024_1925\basConexao.bas
Testing     202110\20211024_1935\basConexao.bas
Testing     202110\20211024_2048\basConexao.bas
Testing     202110\20211024_2200\basConexao.bas
Testing     202110\20211024_2245\basConexao.bas
Testing     202110\20211024_2354\basConexao.bas
Testing     202110\20211025_0038\basConexao.bas
Testing     202110\20211025_0043\basConexao.bas
Testing     202110\20211025_1401\basConexao.bas
Testing     202110\20211025_1410\basConexao.bas
Testing     202110\20211025_1814\basConexao.bas
Testing     202110\20211026_1040\basConexao.bas
Testing     202110\20211023_1940\basUtilitarios.bas
Testing     202110\20211024_1049\basUtilitarios.bas
Testing     202110\20211024_1219\basUtilitarios.bas
Testing     202110\20211024_1309\basUtilitarios.bas
Testing     202110\20211024_1417\basUtilitarios.bas
Testing     202110\20211024_1659\basUtilitarios.bas
Testing     202110\20211024_1925\basUtilitarios.bas
Testing     202110\20211024_1935\basUtilitarios.bas
Testing     202110\20211024_2048\basUtilitarios.bas
Testing     202110\20211024_2200\basUtilitarios.bas
Testing     202110\20211024_2245\basUtilitarios.bas
Testing     202110\20211024_2354\basUtilitarios.bas
Testing     202110\20211025_0038\basUtilitarios.bas
Testing     202110\20211025_0043\basUtilitarios.bas
Testing     202110\20211025_1401\basUtilitarios.bas
Testing     202110\20211025_1410\basUtilitarios.bas
Testing     202110\20211025_1814\basUtilitarios.bas
Testing     202110\20211026_1040\basUtilitarios.bas
Testing     202110\20211023_1940\libUteis.bas
Testing     202110\20211024_1049\libUteis.bas
Testing     202110\20211024_1219\libUteis.bas
Testing     202110\20211024_1309\libUteis.bas
Testing     202110\20211024_1417\libUteis.bas
Testing     202110\20211024_1659\libUteis.bas
Testing     202110\20211024_1925\libUteis.bas
Testing     202110\20211024_1935\libUteis.bas
Testing     202110\20211024_2048\libUteis.bas
Testing     202110\20211024_2200\libUteis.bas
Testing     202110\20211024_2245\libUteis.bas
Testing     202110\20211024_2354\libUteis.bas
Testing     202110\20211025_0038\libUteis.bas
Testing     202110\20211025_0043\libUteis.bas
Testing     202110\20211025_1401\libUteis.bas
Testing     202110\20211025_1410\libUteis.bas
Testing     202110\20211025_1814\libUteis.bas
Testing     202110\20211026_1040\libUteis.bas
Testing     202110\20211023_1940\modDeclara‡oes.bas
Testing     202110\20211024_1049\modDeclara‡oes.bas
Testing     202110\20211024_1219\modDeclara‡oes.bas
Testing     202110\20211024_1309\modDeclara‡oes.bas
Testing     202110\20211024_1417\modDeclara‡oes.bas
Testing     202110\20211024_1659\modDeclara‡oes.bas
Testing     202110\20211024_1925\modDeclara‡oes.bas
Testing     202110\20211024_1935\modDeclara‡oes.bas
Testing     202110\20211024_2048\modDeclara‡oes.bas
Testing     202110\20211024_2200\modDeclara‡oes.bas
Testing     202110\20211024_2245\modDeclara‡oes.bas
Testing     202110\20211024_2354\modDeclara‡oes.bas
Testing     202110\20211025_0038\modDeclara‡oes.bas
Testing     202110\20211025_0043\modDeclara‡oes.bas
Testing     202110\20211025_1401\modDeclara‡oes.bas
Testing     202110\20211025_1410\modDeclara‡oes.bas
Testing     202110\20211025_1814\modDeclara‡oes.bas
Testing     202110\20211026_1040\modDeclara‡oes.bas
Testing     202110\20211023_1940\modFuncoesGerais.bas
Testing     202110\20211024_1049\modFuncoesGerais.bas
Testing     202110\20211024_1219\modFuncoesGerais.bas
Testing     202110\20211024_1309\modFuncoesGerais.bas
Testing     202110\20211024_1417\modFuncoesGerais.bas
Testing     202110\20211024_1659\modFuncoesGerais.bas
Testing     202110\20211024_1925\modFuncoesGerais.bas
Testing     202110\20211024_1935\modFuncoesGerais.bas
Testing     202110\20211024_2048\modFuncoesGerais.bas
Testing     202110\20211024_2200\modFuncoesGerais.bas
Testing     202110\20211024_2245\modFuncoesGerais.bas
Testing     202110\20211024_2354\modFuncoesGerais.bas
Testing     202110\20211025_0038\modFuncoesGerais.bas
Testing     202110\20211025_0043\modFuncoesGerais.bas
Testing     202110\20211025_1401\modFuncoesGerais.bas
Testing     202110\20211025_1410\modFuncoesGerais.bas
Testing     202110\20211025_1814\modFuncoesGerais.bas
Testing     202110\20211026_1040\modFuncoesGerais.bas
Testing     202110\20211023_1940\modImpXMLSAM.bas
Testing     202110\20211024_1049\modImpXMLSAM.bas
Testing     202110\20211024_1219\modImpXMLSAM.bas
Testing     202110\20211024_1309\modImpXMLSAM.bas
Testing     202110\20211024_1417\modImpXMLSAM.bas
Testing     202110\20211024_1659\modImpXMLSAM.bas
Testing     202110\20211024_1925\modImpXMLSAM.bas
Testing     202110\20211024_1935\modImpXMLSAM.bas
Testing     202110\20211024_2048\modImpXMLSAM.bas
Testing     202110\20211024_2200\modImpXMLSAM.bas
Testing     202110\20211024_2245\modImpXMLSAM.bas
Testing     202110\20211024_2354\modImpXMLSAM.bas
Testing     202110\20211025_0038\modImpXMLSAM.bas
Testing     202110\20211025_0043\modImpXMLSAM.bas
Testing     202110\20211025_1401\modImpXMLSAM.bas
Testing     202110\20211025_1410\modImpXMLSAM.bas
Testing     202110\20211025_1814\modImpXMLSAM.bas
Testing     202110\20211026_1040\modImpXMLSAM.bas
Testing     202110\20211023_1940\Banco.cls
Testing     202110\20211024_1049\Banco.cls
Testing     202110\20211024_1219\Banco.cls
Testing     202110\20211024_1309\Banco.cls
Testing     202110\20211024_1417\Banco.cls
Testing     202110\20211024_1659\Banco.cls
Testing     202110\20211024_1925\Banco.cls
Testing     202110\20211024_1935\Banco.cls
Testing     202110\20211024_2048\Banco.cls
Testing     202110\20211024_2200\Banco.cls
Testing     202110\20211024_2245\Banco.cls
Testing     202110\20211024_2354\Banco.cls
Testing     202110\20211025_0038\Banco.cls
Testing     202110\20211025_0043\Banco.cls
Testing     202110\20211025_1401\Banco.cls
Testing     202110\20211025_1410\Banco.cls
Testing     202110\20211025_1814\Banco.cls
Testing     202110\20211026_1040\Banco.cls
Testing     202110\20211023_1940\clsCommonDialog.cls
Testing     202110\20211024_1049\clsCommonDialog.cls
Testing     202110\20211024_1219\clsCommonDialog.cls
Testing     202110\20211024_1309\clsCommonDialog.cls
Testing     202110\20211024_1417\clsCommonDialog.cls
Testing     202110\20211024_1659\clsCommonDialog.cls
Testing     202110\20211024_1925\clsCommonDialog.cls
Testing     202110\20211024_1935\clsCommonDialog.cls
Testing     202110\20211024_2048\clsCommonDialog.cls
Testing     202110\20211024_2200\clsCommonDialog.cls
Testing     202110\20211024_2245\clsCommonDialog.cls
Testing     202110\20211024_2354\clsCommonDialog.cls
Testing     202110\20211025_0038\clsCommonDialog.cls
Testing     202110\20211025_0043\clsCommonDialog.cls
Testing     202110\20211025_1401\clsCommonDialog.cls
Testing     202110\20211025_1410\clsCommonDialog.cls
Testing     202110\20211025_1814\clsCommonDialog.cls
Testing     202110\20211026_1040\clsCommonDialog.cls
Testing     202110\20211023_1940\clsConexaoNfeCte.cls
Testing     202110\20211024_1049\clsConexaoNfeCte.cls
Testing     202110\20211024_1219\clsConexaoNfeCte.cls
Testing     202110\20211024_1309\clsConexaoNfeCte.cls
Testing     202110\20211024_1417\clsConexaoNfeCte.cls
Testing     202110\20211024_1659\clsConexaoNfeCte.cls
Testing     202110\20211024_1925\clsConexaoNfeCte.cls
Testing     202110\20211024_1935\clsConexaoNfeCte.cls
Testing     202110\20211024_2048\clsConexaoNfeCte.cls
Testing     202110\20211024_2200\clsConexaoNfeCte.cls
Testing     202110\20211024_2245\clsConexaoNfeCte.cls
Testing     202110\20211024_2354\clsConexaoNfeCte.cls
Testing     202110\20211025_0038\clsConexaoNfeCte.cls
Testing     202110\20211025_0043\clsConexaoNfeCte.cls
Testing     202110\20211025_1401\clsConexaoNfeCte.cls
Testing     202110\20211025_1410\clsConexaoNfeCte.cls
Testing     202110\20211025_1814\clsConexaoNfeCte.cls
Testing     202110\20211026_1040\clsConexaoNfeCte.cls
Testing     202110\20211023_1940\clsConexaoNFeCTeDados.cls
Testing     202110\20211024_1049\clsConexaoNFeCTeDados.cls
Testing     202110\20211024_1219\clsConexaoNFeCTeDados.cls
Testing     202110\20211024_1309\clsConexaoNFeCTeDados.cls
Testing     202110\20211024_1417\clsConexaoNFeCTeDados.cls
Testing     202110\20211024_1659\clsConexaoNFeCTeDados.cls
Testing     202110\20211024_1925\clsConexaoNFeCTeDados.cls
Testing     202110\20211024_1935\clsConexaoNFeCTeDados.cls
Testing     202110\20211024_2048\clsConexaoNFeCTeDados.cls
Testing     202110\20211024_2200\clsConexaoNFeCTeDados.cls
Testing     202110\20211024_2245\clsConexaoNFeCTeDados.cls
Testing     202110\20211024_2354\clsConexaoNFeCTeDados.cls
Testing     202110\20211025_0038\clsConexaoNFeCTeDados.cls
Testing     202110\20211025_0043\clsConexaoNFeCTeDados.cls
Testing     202110\20211025_1401\clsConexaoNFeCTeDados.cls
Testing     202110\20211025_1410\clsConexaoNFeCTeDados.cls
Testing     202110\20211025_1814\clsConexaoNFeCTeDados.cls
Testing     202110\20211026_1040\clsConexaoNFeCTeDados.cls
Testing     202110\20211023_1940\clsCriarArquivos.cls
Testing     202110\20211024_1049\clsCriarArquivos.cls
Testing     202110\20211024_1219\clsCriarArquivos.cls
Testing     202110\20211024_1309\clsCriarArquivos.cls
Testing     202110\20211024_1417\clsCriarArquivos.cls
Testing     202110\20211024_1659\clsCriarArquivos.cls
Testing     202110\20211024_1925\clsCriarArquivos.cls
Testing     202110\20211024_1935\clsCriarArquivos.cls
Testing     202110\20211024_2048\clsCriarArquivos.cls
Testing     202110\20211024_2200\clsCriarArquivos.cls
Testing     202110\20211024_2245\clsCriarArquivos.cls
Testing     202110\20211024_2354\clsCriarArquivos.cls
Testing     202110\20211025_0038\clsCriarArquivos.cls
Testing     202110\20211025_0043\clsCriarArquivos.cls
Testing     202110\20211025_1401\clsCriarArquivos.cls
Testing     202110\20211025_1410\clsCriarArquivos.cls
Testing     202110\20211025_1814\clsCriarArquivos.cls
Testing     202110\20211026_1040\clsCriarArquivos.cls
Testing     202110\20211023_1940\clsProcessamento.cls
Testing     202110\20211024_1049\clsProcessamento.cls
Testing     202110\20211024_1219\clsProcessamento.cls
Testing     202110\20211024_1309\clsProcessamento.cls
Testing     202110\20211024_1417\clsProcessamento.cls
Testing     202110\20211024_1659\clsProcessamento.cls
Testing     202110\20211024_1925\clsProcessamento.cls
Testing     202110\20211024_1935\clsProcessamento.cls
Testing     202110\20211024_2048\clsProcessamento.cls
Testing     202110\20211024_2200\clsProcessamento.cls
Testing     202110\20211024_2245\clsProcessamento.cls
Testing     202110\20211024_2354\clsProcessamento.cls
Testing     202110\20211025_0038\clsProcessamento.cls
Testing     202110\20211025_0043\clsProcessamento.cls
Testing     202110\20211025_1401\clsProcessamento.cls
Testing     202110\20211025_1410\clsProcessamento.cls
Testing     202110\20211025_1814\clsProcessamento.cls
Testing     202110\20211026_1040\clsProcessamento.cls
Testing     202110\20211023_1940\clsProcessamentoDados.cls
Testing     202110\20211024_1049\clsProcessamentoDados.cls
Testing     202110\20211024_1219\clsProcessamentoDados.cls
Testing     202110\20211024_1309\clsProcessamentoDados.cls
Testing     202110\20211024_1417\clsProcessamentoDados.cls
Testing     202110\20211024_1659\clsProcessamentoDados.cls
Testing     202110\20211024_1925\clsProcessamentoDados.cls
Testing     202110\20211024_1935\clsProcessamentoDados.cls
Testing     202110\20211024_2048\clsProcessamentoDados.cls
Testing     202110\20211024_2200\clsProcessamentoDados.cls
Testing     202110\20211024_2245\clsProcessamentoDados.cls
Testing     202110\20211024_2354\clsProcessamentoDados.cls
Testing     202110\20211025_0038\clsProcessamentoDados.cls
Testing     202110\20211025_0043\clsProcessamentoDados.cls
Testing     202110\20211025_1401\clsProcessamentoDados.cls
Testing     202110\20211025_1410\clsProcessamentoDados.cls
Testing     202110\20211025_1814\clsProcessamentoDados.cls
Testing     202110\20211026_1040\clsProcessamentoDados.cls
Testing     202110\20211023_1940\Form_frmCompraNF_ImpXML.cls
Testing     202110\20211024_1049\Form_frmCompraNF_ImpXML.cls
Testing     202110\20211024_1219\Form_frmCompraNF_ImpXML.cls
Testing     202110\20211024_1309\Form_frmCompraNF_ImpXML.cls
Testing     202110\20211024_1417\Form_frmCompraNF_ImpXML.cls
Testing     202110\20211024_1659\Form_frmCompraNF_ImpXML.cls
Testing     202110\20211024_1925\Form_frmCompraNF_ImpXML.cls
Testing     202110\20211024_1935\Form_frmCompraNF_ImpXML.cls
Testing     202110\20211024_2048\Form_frmCompraNF_ImpXML.cls
Testing     202110\20211024_2200\Form_frmCompraNF_ImpXML.cls
Testing     202110\20211024_2245\Form_frmCompraNF_ImpXML.cls
Testing     202110\20211024_2354\Form_frmCompraNF_ImpXML.cls
Testing     202110\20211025_0038\Form_frmCompraNF_ImpXML.cls
Testing     202110\20211025_0043\Form_frmCompraNF_ImpXML.cls
Testing     202110\20211025_1401\Form_frmCompraNF_ImpXML.cls
Testing     202110\20211025_1410\Form_frmCompraNF_ImpXML.cls
Testing     202110\20211025_1814\Form_frmCompraNF_ImpXML.cls
Testing     202110\20211026_1040\Form_frmCompraNF_ImpXML.cls
Testing     202110\20211023_1940\Form_frmControleDeArquivos.cls
Testing     202110\20211024_1049\Form_frmControleDeArquivos.cls
Testing     202110\20211024_1219\Form_frmControleDeArquivos.cls
Testing     202110\20211024_1309\Form_frmControleDeArquivos.cls
Testing     202110\20211024_1417\Form_frmControleDeArquivos.cls
Testing     202110\20211024_1659\Form_frmControleDeArquivos.cls
Testing     202110\20211024_1925\Form_frmControleDeArquivos.cls
Testing     202110\20211024_1935\Form_frmControleDeArquivos.cls
Testing     202110\20211024_2048\Form_frmControleDeArquivos.cls
Testing     202110\20211024_2200\Form_frmControleDeArquivos.cls
Testing     202110\20211024_2245\Form_frmControleDeArquivos.cls
Testing     202110\20211024_2354\Form_frmControleDeArquivos.cls
Testing     202110\20211025_0038\Form_frmControleDeArquivos.cls
Testing     202110\20211025_0043\Form_frmControleDeArquivos.cls
Testing     202110\20211025_1401\Form_frmControleDeArquivos.cls
Testing     202110\20211025_1410\Form_frmControleDeArquivos.cls
Testing     202110\20211025_1814\Form_frmControleDeArquivos.cls
Testing     202110\20211026_1040\Form_frmControleDeArquivos.cls
Testing     202110\Script.sql
Testing     202110\scripts_20211023_1132.sql
Testing     202110\scripts_20211023_1149.sql
Testing     202110\scripts_20211024_1149.sql
Testing     202110\tblCompraNF.sql
Testing     202110\tblCompraNFItem.sql
Testing     202110\teste_carregar.txt
Testing     202110\error_SispartsConexao_20211026_0822.accdb
Testing     202110\SispartsConexao_20211024-1527.accdb
Testing     202110\SispartsConexao_20211025-0038.accdb
Testing     202110\SispartsConexao_20211025-0043.accdb
Testing     202110\SispartsConexao_20211025-1410.accdb
Testing     202110\SispartsConexao_20211025-1412.accdb
Testing     202110\SispartsConexao_20211025-1443.accdb
Testing     202110\SispartsConexao_20211026-0809.accdb
Testing     202110\20211024.log
Testing     202110\20211025.log
Testing     202110\_20211024.log
Testing     202110\20210903_1816_NFe.xlsx
Testing     202110\20210914_1343_CTe.xlsx
Testing     202110\CTe.xlsx
Testing     202110\NFe.xlsx
Testing     202110\20211026_1040
Testing     202110\20211025_1814
Testing     202110\20211025_1410
Testing     202110\20211025_1401
Testing     202110\20211025_0043
Testing     202110\20211025_0038
Testing     202110\20211024_2354
Testing     202110\20211024_2245
Testing     202110\20211024_2200
Testing     202110\20211024_2048
Testing     202110\20211024_1935
Testing     202110\20211024_1925
Testing     202110\20211024_1659
Testing     202110\20211024_1417
Testing     202110\20211024_1309
Testing     202110\20211024_1219
Testing     202110\20211024_1049
Testing     202110\20211023_1940
Testing     202110

Everything is Ok

Folders: 19
Files: 401
Size:       68579562
Compressed: 1695809
