UPDATE tblDadosConexaoNFeCTe SET tblDadosConexaoNFeCTe.registroProcessado = 4 WHERE (((tblDadosConexaoNFeCTe.registroValido)=0));
UPDATE tblDadosConexaoNFeCTe SET tblDadosConexaoNFeCTe.registroProcessado = 0 WHERE (((tblDadosConexaoNFeCTe.ChvAcesso) Is Null));
UPDATE tblDadosConexaoNFeCTe SET tblDadosConexaoNFeCTe.registroProcessado = 4 WHERE (((tblDadosConexaoNFeCTe.registroValido)=1) AND ((tblDadosConexaoNFeCTe.registroProcessado)=0));
UPDATE tblDadosConexaoNFeCTe SET tblDadosConexaoNFeCTe.registroProcessado = 4 WHERE (((tblDadosConexaoNFeCTe.registroValido)=0));
UPDATE tblDadosConexaoNFeCTe SET tblDadosConexaoNFeCTe.registroProcessado = 4 WHERE (((tblDadosConexaoNFeCTe.registroValido)=0));
UPDATE tblDadosConexaoNFeCTe SET tblDadosConexaoNFeCTe.registroProcessado = 0 WHERE (((tblDadosConexaoNFeCTe.ChvAcesso) Is Null));
UPDATE tblDadosConexaoNFeCTe SET tblDadosConexaoNFeCTe.registroProcessado = 4 WHERE (((tblDadosConexaoNFeCTe.registroValido)=1) AND ((tblDadosConexaoNFeCTe.registroProcessado)=0));
UPDATE tblDadosConexaoNFeCTe SET tblDadosConexaoNFeCTe.registroProcessado = 4 WHERE (((tblDadosConexaoNFeCTe.registroValido)=0));
UPDATE tblDadosConexaoNFeCTe SET tblDadosConexaoNFeCTe.registroProcessado = 4 WHERE (((tblDadosConexaoNFeCTe.registroValido)=1) AND ((tblDadosConexaoNFeCTe.registroProcessado)=0));
UPDATE tblDadosConexaoNFeCTe SET tblDadosConexaoNFeCTe.registroProcessado = 4 WHERE (((tblDadosConexaoNFeCTe.registroValido)=0));
INFO 11/28/2021 15:38:20 - carregarDadosGerais - Importar Dados Gerais ( Quantidade de registros: 1087 ) - 00:10:53
INFO 11/28/2021 16:05:49 - carregarArquivosPendentes - Importar arquivos pendentes ( Quantidade de registros: 562 ) - 00:24:29
INFO 11/28/2021 16:16:45 - CadastroDeComprasEmServidor - Exportar compras ( Quantidade de registros: 563 ) - 00:06:58
INFO 11/28/2021 16:17:16 - Processamento - CriarTipoDeArquivo (FlagLancadaERP) - 00:00:07
INFO 11/28/2021 16:17:22 - Processamento - CriarTipoDeArquivo (Manifesto) - 00:00:06
INFO 11/28/2021 16:56:03 - Processamento - CriarTipoDeArquivo (FlagLancadaERP) - 00:00:06
INFO 11/28/2021 16:56:11 - Processamento - CriarTipoDeArquivo (Manifesto) - 00:00:06
INFO 11/28/2021 17:08:59 - carregarDadosGerais - Importar Dados Gerais ( Quantidade de registros: 1087 ) - 00:07:39
INFO 11/28/2021 17:23:15 - carregarArquivosPendentes - Importar arquivos pendentes ( Quantidade de registros: 562 ) - 00:11:10
INFO 11/28/2021 17:28:58 - CadastroDeComprasEmServidor - Exportar compras ( Quantidade de registros: 563 ) - 00:02:59
INFO 11/28/2021 17:29:10 - Processamento - CriarTipoDeArquivo (FlagLancadaERP) - 00:00:02
INFO 11/28/2021 17:29:14 - Processamento - CriarTipoDeArquivo (Manifesto) - 00:00:04
INFO 11/28/2021 19:13:20 - carregarDadosGerais - Importar Dados Gerais ( Quantidade de registros: 1087 ) - 00:04:52
INFO 11/28/2021 19:28:13 - carregarArquivosPendentes - Importar arquivos pendentes ( Quantidade de registros: 562 ) - 00:10:35
INFO 11/28/2021 19:33:54 - CadastroDeComprasEmServidor - Exportar compras ( Quantidade de registros: 563 ) - 00:03:06
INFO 11/28/2021 19:34:06 - Processamento - CriarTipoDeArquivo (FlagLancadaERP) - 00:00:04
INFO 11/28/2021 19:34:09 - Processamento - CriarTipoDeArquivo (Manifesto) - 00:00:03
INFO 11/28/2021 21:19:53 - carregarDadosGerais - Importar Dados Gerais ( Quantidade de registros: 0 ) - 00:00:15
INFO 11/28/2021 21:20:04 - carregarArquivosPendentes - Importar arquivos pendentes ( Quantidade de registros: 0 ) - 00:00:00
INFO 11/28/2021 21:30:15 - CadastroDeComprasEmServidor - Exportar compras ( Quantidade de registros: 1 ) - 00:00:16
INFO 11/28/2021 21:53:48 - carregarArquivosPendentes - Importar arquivos pendentes ( Quantidade de registros: 0 ) - 00:00:01
INFO 11/28/2021 21:56:02 - Processamento - CriarTipoDeArquivo (FlagLancadaERP) - 00:00:00
INFO 11/28/2021 21:58:59 - Processamento - CriarTipoDeArquivo (FlagLancadaERP) - 00:00:00
INFO 11/28/2021 21:59:12 - Processamento - CriarTipoDeArquivo (FlagLancadaERP) - 00:00:00
INFO 11/28/2021 22:22:11 - carregarDadosGerais - Importar Dados Gerais ( Quantidade de registros: 1087 ) - 00:09:26
INFO 11/28/2021 22:45:30 - carregarArquivosPendentes - Importar arquivos pendentes ( Quantidade de registros: 562 ) - 00:23:12
INFO 11/28/2021 22:48:24 - carregarArquivosPendentes - Importar arquivos pendentes ( Quantidade de registros: 0 ) - 00:00:13
INFO 11/28/2021 22:56:17 - CadastroDeComprasEmServidor - Exportar compras ( Quantidade de registros: 563 ) - 00:07:45
INFO 11/28/2021 22:56:46 - Processamento - CriarTipoDeArquivo (FlagLancadaERP) - 00:00:04
INFO 11/28/2021 22:56:52 - Processamento - CriarTipoDeArquivo (Manifesto) - 00:00:06
