
7-Zip (A) 4.57  Copyright (c) 1999-2007 Igor Pavlov  2007-12-06

Processing archive: 202201_20220107-1839.7z

Testing     202201\SispartsConexao_20211214_0841.7z
Testing     202201\SispartsConexao_20220106_0327.7z
Testing     202201\SispartsConexao_20220107_1754.7z
Testing     202201\SispartsConexao_20220107_1829.7z
Testing     202201\SispartsConexao_20220105-0809.accdb
Testing     202201\SispartsConexao_20220106-0205.accdb
Testing     202201\SispartsConexao_20220106-0206.accdb
Testing     202201\SispartsConexao_20220106-0241.accdb
Testing     202201\SispartsConexao_20220106-0326.accdb
Testing     202201\SispartsConexao_20220107-1753.accdb
Testing     202201\SispartsConexao_20220107-1828.accdb
Testing     202201\SispartsConexao_20220107-1833.accdb
Testing     202201

Everything is Ok

Folders: 1
Files: 12
Size:       33677537
Compressed: 2452858
