
7-Zip (A) 4.57  Copyright (c) 1999-2007 Igor Pavlov  2007-12-06

Processing archive: 202201_20220125-2231.7z

Testing     202201\SispartsConexao_20211214_0841.7z
Testing     202201\SispartsConexao_20220106_0327.7z
Testing     202201\SispartsConexao_20220107_1754.7z
Testing     202201\SispartsConexao_20220107_1829.7z
Testing     202201\SispartsConexao_20220110_1424.7z
Testing     202201\SispartsConexao_20220110_1624.7z
Testing     202201\SispartsConexao_20220110_1737.7z
Testing     202201\SispartsConexao_20220111_1418.7z
Testing     202201\SispartsConexao_20220112_1433.7z
Testing     202201\SispartsConexao_20220118_2120.7z
Testing     202201\SispartsConexao_20220119_1610.7z
Testing     202201\SispartsConexao_20220120_0250.7z
Testing     202201\SispartsConexao_20220120_1906.7z
Testing     202201\SispartsConexao_20220118_2014_Fernanda.zip
Testing     202201\SispartsConexao_20220124_1535_Fernanda.zip
Testing     202201\20220119_proparts\0001_DataSemHoras.png
Testing     202201\20220119_proparts\0002_DataComHoras.png
Testing     202201\20220119_proparts\0003_ModeloRetiradoDoSite.png
Testing     202201\20211201_0009_Nao_Processado.png
Testing     202201\20211201_0009_Nao_Processado_02.png
Testing     202201\20220111_1323\01_modConexaoNfeCte.bas
Testing     202201\20220112_1429\01_modConexaoNfeCte.bas
Testing     202201\20220119_1535\01_modConexaoNfeCte.bas
Testing     202201\20220111_1323\azsCadastroRegistros.bas
Testing     202201\20220112_1429\azsCadastroRegistros.bas
Testing     202201\20220119_1535\azsCadastroRegistros.bas
Testing     202201\20220111_1323\azsExportAllCodeMSAccess.bas
Testing     202201\20220112_1429\azsExportAllCodeMSAccess.bas
Testing     202201\20220119_1535\azsExportAllCodeMSAccess.bas
Testing     202201\20220111_1323\azs_Info.bas
Testing     202201\20220112_1429\azs_Info.bas
Testing     202201\20220119_1535\azs_Info.bas
Testing     202201\20220111_1323\azs_modMSSQL.bas
Testing     202201\20220112_1429\azs_modMSSQL.bas
Testing     202201\20220119_1535\azs_modMSSQL.bas
Testing     202201\20220111_1323\azs_VALIDAR_DADOS.bas
Testing     202201\20220112_1429\azs_VALIDAR_DADOS.bas
Testing     202201\20220119_1535\azs_VALIDAR_DADOS.bas
Testing     202201\20220111_1323\basConexao.bas
Testing     202201\20220112_1429\basConexao.bas
Testing     202201\20220119_1535\basConexao.bas
Testing     202201\20220111_1323\basUtilitarios.bas
Testing     202201\20220112_1429\basUtilitarios.bas
Testing     202201\20220119_1535\basUtilitarios.bas
Testing     202201\20220111_1323\libUteis.bas
Testing     202201\20220112_1429\libUteis.bas
Testing     202201\20220119_1535\libUteis.bas
Testing     202201\20220111_1323\modDeclaracoes.bas
Testing     202201\20220112_1429\modDeclaracoes.bas
Testing     202201\20220119_1535\modDeclaracoes.bas
Testing     202201\20220111_1323\modFuncoesGerais.bas
Testing     202201\20220112_1429\modFuncoesGerais.bas
Testing     202201\20220119_1535\modFuncoesGerais.bas
Testing     202201\20220111_1323\modImpXMLSAM.bas
Testing     202201\20220112_1429\modImpXMLSAM.bas
Testing     202201\20220119_1535\modImpXMLSAM.bas
Testing     202201\20220111_1323\Banco.cls
Testing     202201\20220112_1429\Banco.cls
Testing     202201\20220119_1535\Banco.cls
Testing     202201\20220111_1323\clsCommonDialog.cls
Testing     202201\20220112_1429\clsCommonDialog.cls
Testing     202201\20220119_1535\clsCommonDialog.cls
Testing     202201\20220111_1323\clsConexaoNfeCte.cls
Testing     202201\20220112_1429\clsConexaoNfeCte.cls
Testing     202201\20220119_1535\clsConexaoNfeCte.cls
Testing     202201\20220111_1323\clsConexaoNFeCTeDados.cls
Testing     202201\20220112_1429\clsConexaoNFeCTeDados.cls
Testing     202201\20220119_1535\clsConexaoNFeCTeDados.cls
Testing     202201\20220111_1323\clsCriarArquivos.cls
Testing     202201\20220112_1429\clsCriarArquivos.cls
Testing     202201\20220119_1535\clsCriarArquivos.cls
Testing     202201\20220111_1323\clsProcessamento.cls
Testing     202201\20220112_1429\clsProcessamento.cls
Testing     202201\20220119_1535\clsProcessamento.cls
Testing     202201\20220111_1323\clsProcessamentoDados.cls
Testing     202201\20220112_1429\clsProcessamentoDados.cls
Testing     202201\20220119_1535\clsProcessamentoDados.cls
Testing     202201\20220111_1323\Form_frmCompraNF_ImpXML.cls
Testing     202201\20220112_1429\Form_frmCompraNF_ImpXML.cls
Testing     202201\20220119_1535\Form_frmCompraNF_ImpXML.cls
Testing     202201\20220111_1323\Form_frmControleDeArquivos.cls
Testing     202201\20220112_1429\Form_frmControleDeArquivos.cls
Testing     202201\20220119_1535\Form_frmControleDeArquivos.cls
Testing     202201\20211201_0009_Nao_Processado_32210304884082000569570000040073831040073834-cteproc.xml
Testing     202201\20211129.txt
Testing     202201\20220119_proparts\note.txt
Testing     202201\SispartsConexao_20220118_2014_Fernanda\SispartsConexao.accdb
Testing     202201\SispartsConexao_20220124_1535_Fernanda\SispartsConexao.accdb
Testing     202201\SispartsConexao_2022.accdb
Testing     202201\SispartsConexao_20220105-0809.accdb
Testing     202201\SispartsConexao_20220106-0205.accdb
Testing     202201\SispartsConexao_20220106-0206.accdb
Testing     202201\SispartsConexao_20220106-0241.accdb
Testing     202201\SispartsConexao_20220106-0326.accdb
Testing     202201\SispartsConexao_20220107-1753.accdb
Testing     202201\SispartsConexao_20220107-1828.accdb
Testing     202201\SispartsConexao_20220107-1833.accdb
Testing     202201\SispartsConexao_20220110-1623.accdb
Testing     202201\SispartsConexao_20220111-1323.accdb
Testing     202201\SispartsConexao_20220111-1337.accdb
Testing     202201\SispartsConexao_20220111-1338.accdb
Testing     202201\SispartsConexao_20220112-1228.accdb
Testing     202201\SispartsConexao_20220112-1305.accdb
Testing     202201\SispartsConexao_20220112-1349.accdb
Testing     202201\SispartsConexao_20220112-1430.accdb
Testing     202201\SispartsConexao_20220119-1611.accdb
Testing     202201\SispartsConexao_20220119-2150.accdb
Testing     202201\SispartsConexao_20220120-0039.accdb
Testing     202201\SispartsConexao_20220120-0229.accdb
Testing     202201\SispartsConexao_20220120-0250.accdb
Testing     202201\SispartsConexao_20220125-2230.accdb
Testing     202201\SispartsConexao_azs_20211129_0017.accdb
Testing     202201\20211206.log
Testing     202201\20211208.log
Testing     202201\20211209.log
Testing     202201\20211214.log
Testing     202201\20211216.log
Testing     202201\20220105.log
Testing     202201\20220106.log
Testing     202201\20220107.log
Testing     202201\20220110.log
Testing     202201\20220111.log
Testing     202201\20220112.log
Testing     202201\20220118.log
Testing     202201\20220119.log
Testing     202201\SispartsConexao_20220124_1535_Fernanda
Testing     202201\SispartsConexao_20220118_2014_Fernanda
Testing     202201\20220119_proparts
Testing     202201\20220119_1535
Testing     202201\20220112_1429
Testing     202201\20220111_1323
Testing     202201

Everything is Ok

Folders: 7
Files: 125
Size:       123363189
Compressed: 9149795
