
7-Zip (A) 4.57  Copyright (c) 1999-2007 Igor Pavlov  2007-12-06

Processing archive: 202202_20220204-1239.7z

Testing     202202\20220202_0918\01_modConexaoNfeCte.bas
Testing     202202\20220202_0930\01_modConexaoNfeCte.bas
Testing     202202\20220202_1116\01_modConexaoNfeCte.bas
Testing     202202\20220202_1455\01_modConexaoNfeCte.bas
Testing     202202\20220202_0918\azsCadastroRegistros.bas
Testing     202202\20220202_0930\azsCadastroRegistros.bas
Testing     202202\20220202_1116\azsCadastroRegistros.bas
Testing     202202\20220202_1455\azsCadastroRegistros.bas
Testing     202202\20220202_0918\azsExportAllCodeMSAccess.bas
Testing     202202\20220202_0930\azsExportAllCodeMSAccess.bas
Testing     202202\20220202_1116\azsExportAllCodeMSAccess.bas
Testing     202202\20220202_1455\azsExportAllCodeMSAccess.bas
Testing     202202\20220202_0918\azs_Info.bas
Testing     202202\20220202_0930\azs_Info.bas
Testing     202202\20220202_1116\azs_Info.bas
Testing     202202\20220202_1455\azs_Info.bas
Testing     202202\20220202_0918\azs_modMSSQL.bas
Testing     202202\20220202_0930\azs_modMSSQL.bas
Testing     202202\20220202_1116\azs_modMSSQL.bas
Testing     202202\20220202_1455\azs_modMSSQL.bas
Testing     202202\20220202_0918\azs_VALIDAR_DADOS.bas
Testing     202202\20220202_0930\azs_VALIDAR_DADOS.bas
Testing     202202\20220202_1116\azs_VALIDAR_DADOS.bas
Testing     202202\20220202_1455\azs_VALIDAR_DADOS.bas
Testing     202202\20220202_0918\basConexao.bas
Testing     202202\20220202_0930\basConexao.bas
Testing     202202\20220202_1116\basConexao.bas
Testing     202202\20220202_1455\basConexao.bas
Testing     202202\20220202_0918\basUtilitarios.bas
Testing     202202\20220202_0930\basUtilitarios.bas
Testing     202202\20220202_1116\basUtilitarios.bas
Testing     202202\20220202_1455\basUtilitarios.bas
Testing     202202\20220202_0918\libUteis.bas
Testing     202202\20220202_0930\libUteis.bas
Testing     202202\20220202_1116\libUteis.bas
Testing     202202\20220202_1455\libUteis.bas
Testing     202202\20220202_0918\modDeclaracoes.bas
Testing     202202\20220202_0930\modDeclaracoes.bas
Testing     202202\20220202_1116\modDeclaracoes.bas
Testing     202202\20220202_1455\modDeclaracoes.bas
Testing     202202\20220202_1455\modExpurgo.bas
Testing     202202\20220202_0918\modFuncoesGerais.bas
Testing     202202\20220202_0930\modFuncoesGerais.bas
Testing     202202\20220202_1116\modFuncoesGerais.bas
Testing     202202\20220202_1455\modFuncoesGerais.bas
Testing     202202\20220202_0918\modImpXMLSAM.bas
Testing     202202\20220202_0930\modImpXMLSAM.bas
Testing     202202\20220202_1116\modImpXMLSAM.bas
Testing     202202\20220202_1455\modImpXMLSAM.bas
Testing     202202\20220202_0918\Banco.cls
Testing     202202\20220202_0930\Banco.cls
Testing     202202\20220202_1116\Banco.cls
Testing     202202\20220202_1455\Banco.cls
Testing     202202\20220202_0918\clsCommonDialog.cls
Testing     202202\20220202_0930\clsCommonDialog.cls
Testing     202202\20220202_1116\clsCommonDialog.cls
Testing     202202\20220202_1455\clsCommonDialog.cls
Testing     202202\20220202_0918\clsConexaoNfeCte.cls
Testing     202202\20220202_0930\clsConexaoNfeCte.cls
Testing     202202\20220202_1116\clsConexaoNfeCte.cls
Testing     202202\20220202_1455\clsConexaoNfeCte.cls
Testing     202202\20220202_0918\clsConexaoNFeCTeDados.cls
Testing     202202\20220202_0930\clsConexaoNFeCTeDados.cls
Testing     202202\20220202_1116\clsConexaoNFeCTeDados.cls
Testing     202202\20220202_1455\clsConexaoNFeCTeDados.cls
Testing     202202\20220202_0918\clsCriarArquivos.cls
Testing     202202\20220202_0930\clsCriarArquivos.cls
Testing     202202\20220202_1116\clsCriarArquivos.cls
Testing     202202\20220202_1455\clsCriarArquivos.cls
Testing     202202\20220202_0918\clsProcessamento.cls
Testing     202202\20220202_0930\clsProcessamento.cls
Testing     202202\20220202_1116\clsProcessamento.cls
Testing     202202\20220202_1455\clsProcessamento.cls
Testing     202202\20220202_0918\clsProcessamentoDados.cls
Testing     202202\20220202_0930\clsProcessamentoDados.cls
Testing     202202\20220202_1116\clsProcessamentoDados.cls
Testing     202202\20220202_1455\clsProcessamentoDados.cls
Testing     202202\20220202_0918\Form_frmCompraNF_ImpXML.cls
Testing     202202\20220202_0930\Form_frmCompraNF_ImpXML.cls
Testing     202202\20220202_1116\Form_frmCompraNF_ImpXML.cls
Testing     202202\20220202_1455\Form_frmCompraNF_ImpXML.cls
Testing     202202\20220202_0918\Form_frmControleDeArquivos.cls
Testing     202202\20220202_0930\Form_frmControleDeArquivos.cls
Testing     202202\20220202_1116\Form_frmControleDeArquivos.cls
Testing     202202\20220202_1455\Form_frmControleDeArquivos.cls
Testing     202202\SispartsConexao_20220204-1227.accdb
Testing     202202\20220202_1455
Testing     202202\20220202_1116
Testing     202202\20220202_0930
Testing     202202\20220202_0918
Testing     202202

Everything is Ok

Folders: 5
Files: 86
Size:       6322587
Compressed: 515750
