
7-Zip (A) 4.57  Copyright (c) 1999-2007 Igor Pavlov  2007-12-06

Processing archive: dbSql_20220107-1839.7z

Testing     dbSql\01_consultasCarregarDados.sql
Testing     dbSql\02_consultasProcessamento.sql
Testing     dbSql\20210912_2041.sql
Testing     dbSql\20211105.sql
Testing     dbSql\20211109.sql
Testing     dbSql\20211111.sql
Testing     dbSql\20211111_1937.sql
Testing     dbSql\20211122.sql
Testing     dbSql\20211122_AjusteDeCampos_CTe_tblCompraNFItem__SELECT.sql
Testing     dbSql\20211122_AjusteDeCampos_CTe__SELECT.sql
Testing     dbSql\20211122_AjusteDeCampos_CTe__UPDATE.sql
Testing     dbSql\20211130_tblCompraNFItem.sql
Testing     dbSql\comprasNF.sql
Testing     dbSql\consultasProparts.sql
Testing     dbSql\FiltroCFOP.sql
Testing     dbSql\MSSQL_ComsultasDeTestes.sql
Testing     dbSql\qryClientes_Insert.sql
Testing     dbSql\qryInsertItensCTe.sql
Testing     dbSql\qryInsertItensCTe_OLD.sql
Testing     dbSql\qryTblNatOp.sql
Testing     dbSql\qryTblNatOp_Insert.sql
Testing     dbSql\templates_scripts_20211026_0844.sql
Testing     dbSql\update_tblDadosConexaoNFeCTe.sql
Testing     dbSql\update_tblDadosConexaoNFeCTe_20210422_1635.sql
Testing     dbSql

Everything is Ok

Folders: 1
Files: 24
Size:       154548
Compressed: 11311
