INFO 09/28/2021 09:01:15 - carregarDadosGerais - Importar Dados Gerais ( Quantidade de registros: 1089 ) - 00:11:07
INFO 09/28/2021 09:23:20 - carregarArquivosPendentes - Importar arquivos pendentes ( Quantidade de registros: 564 ) - 00:22:05
INFO 09/28/2021 09:29:46 - carregarArquivosPendentes - Importar arquivos pendentes ( Quantidade de registros: 1 ) - 00:00:17
INFO 09/28/2021 09:48:21 - carregarArquivosPendentes - Importar arquivos pendentes ( Quantidade de registros: 564 ) - 00:15:19
INFO 09/28/2021 10:31:38 - enviarDadosServidor - 00:02:52
INFO 09/28/2021 11:20:41 - enviarDadosServidor - 00:01:13
INFO 09/28/2021 11:32:07 - enviarDadosServidor - 00:03:32
INFO 09/28/2021 15:24:32 - Processamento - CriarTipoDeArquivo (FlagLancadaERP) - 00:00:00
INFO 09/28/2021 15:25:55 - Processamento - CriarTipoDeArquivo (Manifesto) - 00:00:00
INFO 09/28/2021 15:33:51 - Processamento - CriarTipoDeArquivo (Manifesto) - 00:00:00
INFO 09/28/2021 15:38:13 - Processamento - CriarTipoDeArquivo (FlagLancadaERP) - 00:00:00
INFO 09/28/2021 15:38:16 - Processamento - CriarTipoDeArquivo (Manifesto) - 00:00:00
INFO 09/28/2021 15:56:27 - Processamento - CriarTipoDeArquivo (FlagLancadaERP) - 00:00:03
INFO 09/28/2021 15:56:55 - Processamento - CriarTipoDeArquivo (Manifesto) - 00:00:03
INFO 09/28/2021 16:19:30 - Processamento - CriarTipoDeArquivo (FlagLancadaERP) - 00:00:03
INFO 09/28/2021 16:20:02 - Processamento - CriarTipoDeArquivo (FlagLancadaERP) - 00:00:00
INFO 09/28/2021 16:22:06 - Processamento - CriarTipoDeArquivo (FlagLancadaERP) - 00:00:00
INFO 09/28/2021 16:22:41 - Processamento - CriarTipoDeArquivo (FlagLancadaERP) - 00:00:00
INFO 09/28/2021 16:22:51 - Processamento - CriarTipoDeArquivo (FlagLancadaERP) - 00:00:02
INFO 09/28/2021 16:23:15 - Processamento - CriarTipoDeArquivo (Manifesto) - 00:00:03
INFO 09/28/2021 16:23:37 - Processamento - CriarTipoDeArquivo (FlagLancadaERP) - 00:00:02
INFO 09/28/2021 17:03:26 - TratamentoDeArquivosValidos - 00:01:37
INFO 09/28/2021 17:05:16 - TratamentoDeArquivosInvalidos - 00:00:15
INFO 09/28/2021 17:06:43 - TratamentoDeArquivosValidos - 00:00:00
INFO 09/28/2021 17:06:48 - TratamentoDeArquivosInvalidos - 00:00:00
INFO 09/28/2021 17:09:59 - TratamentoDeArquivosInvalidos - 00:00:08
INFO 09/28/2021 17:22:14 - TratamentoDeArquivosInvalidos - 00:00:00
INFO 09/28/2021 17:25:38 - TratamentoDeArquivosInvalidos - 00:00:07
INFO 09/28/2021 17:29:42 - TratamentoDeArquivosInvalidos - 00:00:00
INFO 09/28/2021 17:31:19 - TratamentoDeArquivosInvalidos - 00:00:11
INFO 09/28/2021 17:53:27 - TratamentoDeArquivosInvalidos - 00:00:49
INFO 09/28/2021 18:10:46 - TratamentoDeArquivosValidos - 00:00:21
INFO 09/28/2021 18:21:29 - carregarDadosGerais - Importar Dados Gerais ( Quantidade de registros: 1089 ) - 00:04:32
INFO 09/28/2021 18:32:51 - carregarArquivosPendentes - Importar arquivos pendentes ( Quantidade de registros: 564 ) - 00:11:22
INFO 09/28/2021 18:34:07 - enviarDadosServidor - 00:01:16
INFO 09/28/2021 18:34:30 - TratamentoDeArquivosValidos - 00:00:23
INFO 09/28/2021 18:34:48 - TratamentoDeArquivosInvalidos - 00:00:18
