INFO 12/01/2021 00:03:03 - CadastroDeComprasEmServidor - Exportar compras ( Quantidade de registros: 563 ) - 00:09:09
INFO 12/01/2021 00:03:15 - Processamento - CriarTipoDeArquivo (FlagLancadaERP) - 00:00:03
INFO 12/01/2021 00:03:18 - Processamento - CriarTipoDeArquivo (Manifesto) - 00:00:03
Concluido! - testeDeFuncionamentoGeral
INFO 12/01/2021 00:20:54 - carregarDadosGerais - Importar Dados Gerais ( Quantidade de registros: 1087 ) - 00:04:38
INFO 12/01/2021 00:30:58 - carregarArquivosPendentes - Importar arquivos pendentes ( Quantidade de registros: 562 ) - 00:10:04
INFO 12/01/2021 00:31:37 - CadastroDeComprasEmServidor - Exportar compras ( Quantidade de registros: 564 ) - 00:00:39
INFO 12/01/2021 00:46:03 - carregarDadosGerais - Importar Dados Gerais ( Quantidade de registros: 0 ) - 00:00:01
INFO 12/01/2021 00:46:03 - carregarArquivosPendentes - Importar arquivos pendentes ( Quantidade de registros: 0 ) - 00:00:00
INFO 12/01/2021 00:46:03 - CadastroDeComprasEmServidor - Exportar compras ( Quantidade de registros: 1 ) - 00:00:00
INFO 12/01/2021 00:46:06 - Processamento - CriarTipoDeArquivo (FlagLancadaERP) - 00:00:03
INFO 12/01/2021 00:46:09 - Processamento - CriarTipoDeArquivo (Manifesto) - 00:00:03
Concluido! - testeDeFuncionamentoGeral
INFO 12/01/2021 00:47:20 - carregarDadosGerais - Importar Dados Gerais ( Quantidade de registros: 0 ) - 00:00:02
INFO 12/01/2021 00:47:20 - carregarArquivosPendentes - Importar arquivos pendentes ( Quantidade de registros: 0 ) - 00:00:00
INFO 12/01/2021 00:47:20 - CadastroDeComprasEmServidor - Exportar compras ( Quantidade de registros: 1 ) - 00:00:00
INFO 12/01/2021 00:47:23 - Processamento - CriarTipoDeArquivo (FlagLancadaERP) - 00:00:03
INFO 12/01/2021 00:47:25 - Processamento - CriarTipoDeArquivo (Manifesto) - 00:00:02
Concluido! - testeDeFuncionamentoGeral
INFO 12/01/2021 00:47:50 - carregarDadosGerais - Importar Dados Gerais ( Quantidade de registros: 0 ) - 00:00:01
INFO 12/01/2021 00:56:15 - carregarDadosGerais - Importar Dados Gerais ( Quantidade de registros: 1047 ) - 00:04:29
INFO 12/01/2021 01:05:22 - carregarArquivosPendentes - Importar arquivos pendentes ( Quantidade de registros: 562 ) - 00:08:49
INFO 12/01/2021 01:10:06 - carregarDadosGerais - Importar Dados Gerais ( Quantidade de registros: 0 ) - 00:00:01
INFO 12/01/2021 01:23:43 - carregarArquivosPendentes - Importar arquivos pendentes ( Quantidade de registros: 562 ) - 00:10:17
INFO 12/01/2021 01:35:58 - carregarArquivosPendentes - Importar arquivos pendentes ( Quantidade de registros: 0 ) - 00:00:06
INFO 12/01/2021 01:38:18 - carregarArquivosPendentes - Importar arquivos pendentes ( Quantidade de registros: 0 ) - 00:00:59
INFO 12/01/2021 01:39:07 - carregarArquivosPendentes - Importar arquivos pendentes ( Quantidade de registros: 0 ) - 00:00:10
INFO 12/01/2021 01:40:07 - carregarArquivosPendentes - Importar arquivos pendentes ( Quantidade de registros: 0 ) - 00:00:00
INFO 12/01/2021 01:40:39 - carregarArquivosPendentes - Importar arquivos pendentes ( Quantidade de registros: 0 ) - 00:00:04
INFO 12/01/2021 01:41:00 - carregarDadosGerais - Importar Dados Gerais ( Quantidade de registros: 0 ) - 00:00:02
INFO 12/01/2021 01:41:04 - carregarArquivosPendentes - Importar arquivos pendentes ( Quantidade de registros: 0 ) - 00:00:00
INFO 12/01/2021 01:42:23 - carregarArquivosPendentes - Importar arquivos pendentes ( Quantidade de registros: 562 ) - 00:00:24
INFO 12/01/2021 01:54:21 - carregarArquivosPendentes - Importar arquivos pendentes ( Quantidade de registros: 544 ) - 00:10:09
