INFO 05/24/2021 11:05:48 - Processamento - CriarTipoDeArquivo (FlagLancadaERP) - 00:00:14
INFO 05/24/2021 11:06:12 - Processamento - CriarTipoDeArquivo (Manifesto) - 00:00:14
INFO 05/24/2021 11:08:46 - Processamento - CriarTipoDeArquivo (FlagLancadaERP) - 00:00:13
INFO 05/24/2021 11:09:00 - Processamento - CriarTipoDeArquivo (Manifesto) - 00:00:14
INFO 05/24/2021 11:10:44 - Processamento - CriarTipoDeArquivo (FlagLancadaERP) - 00:00:15
INFO 05/24/2021 11:10:59 - Processamento - CriarTipoDeArquivo (Manifesto) - 00:00:15
INFO 05/24/2021 11:11:39 - Processamento - CriarTipoDeArquivo (FlagLancadaERP) - 00:00:14
INFO 05/24/2021 11:11:54 - Processamento - CriarTipoDeArquivo (Manifesto) - 00:00:15
INFO 05/24/2021 11:13:18 - Processamento - CriarTipoDeArquivo (FlagLancadaERP) - 00:00:08
INFO 05/24/2021 11:13:27 - Processamento - CriarTipoDeArquivo (Manifesto) - 00:00:09
INFO 05/24/2021 11:16:12 - Processamento - CriarTipoDeArquivo (FlagLancadaERP) - 00:00:26
INFO 05/24/2021 11:16:38 - Processamento - CriarTipoDeArquivo (Manifesto) - 00:00:26
INFO 05/24/2021 12:51:43 - Processamento - C:\temp\Coleta\68.365.5010001-05 - Proparts Comércio de Artigos Esportivos e Tecnologia Ltda\32210268365501000296550000000637741001351624-nfeproc.xml - 00:00:04
INFO 05/24/2021 12:51:45 - Processamento - C:\temp\Coleta\68.365.5010001-05 - Proparts Comércio de Artigos Esportivos e Tecnologia Ltda\32210268365501000296550000000637811001351815-nfeproc.xml - 00:00:02
INFO 05/24/2021 12:51:46 - Processamento - C:\temp\Coleta\68.365.5010001-05 - Proparts Comércio de Artigos Esportivos e Tecnologia Ltda\32210268365501000296550000000637821001352053-nfeproc.xml - 00:00:01
INFO 05/24/2021 12:51:48 - Processamento - C:\temp\Coleta\68.365.5010001-05 - Proparts Comércio de Artigos Esportivos e Tecnologia Ltda\32210368365501000296550000000639051001364146-nfeproc.xml - 00:00:01
INFO 05/24/2021 12:51:50 - Processamento - C:\temp\Coleta\68.365.5010001-05 - Proparts Comércio de Artigos Esportivos e Tecnologia Ltda\32210368365501000296550000000639091001366105-nfeproc.xml - 00:00:02
INFO 05/24/2021 12:52:00 - Processamento - C:\temp\Coleta\68.365.5010001-05 - Proparts Comércio de Artigos Esportivos e Tecnologia Ltda\42210268365501000377550000000056621001349980-nfeproc.xml - 00:00:10
INFO 05/24/2021 12:52:02 - Processamento - C:\temp\Coleta\68.365.5010001-05 - Proparts Comércio de Artigos Esportivos e Tecnologia Ltda\42210268365501000377550000000056931001350551-nfeproc.xml - 00:00:02
INFO 05/24/2021 12:52:04 - Processamento - C:\temp\Coleta\68.365.5010001-05 - Proparts Comércio de Artigos Esportivos e Tecnologia Ltda\42210268365501000377550000000056951001350572-nfeproc.xml - 00:00:02
INFO 05/24/2021 12:52:07 - Processamento - C:\temp\Coleta\68.365.5010001-05 - Proparts Comércio de Artigos Esportivos e Tecnologia Ltda\42210268365501000377550000000057051001350708-nfeproc.xml - 00:00:03
INFO 05/24/2021 12:52:11 - Processamento - C:\temp\Coleta\68.365.5010001-05 - Proparts Comércio de Artigos Esportivos e Tecnologia Ltda\42210268365501000377550000000057071001350729-nfeproc.xml - 00:00:04
INFO 05/24/2021 12:52:17 - Processamento - C:\temp\Coleta\68.365.5010001-05 - Proparts Comércio de Artigos Esportivos e Tecnologia Ltda\42210268365501000377550000000057701001352318-nfeproc.xml - 00:00:06
INFO 05/24/2021 12:52:20 - Processamento - C:\temp\Coleta\68.365.5010001-05 - Proparts Comércio de Artigos Esportivos e Tecnologia Ltda\42210368365501000377550000000063911001362034-nfeproc.xml - 00:00:03
INFO 05/24/2021 12:52:27 - Processamento - C:\temp\Coleta\68.365.5010001-05 - Proparts Comércio de Artigos Esportivos e Tecnologia Ltda\42210368365501000377550000000064281001362494-nfeproc.xml - 00:00:07
INFO 05/24/2021 12:52:38 - Processamento - C:\temp\Coleta\68.365.5010001-05 - Proparts Comércio de Artigos Esportivos e Tecnologia Ltda\42210368365501000377550000000064441001362668-nfeproc.xml - 00:00:11
INFO 05/24/2021 12:52:43 - Processamento - C:\temp\Coleta\68.365.5010001-05 - Proparts Comércio de Artigos Esportivos e Tecnologia Ltda\42210368365501000377550000000066041001365190-nfeproc.xml - 00:00:05
INFO 05/24/2021 12:52:47 - Processamento - C:\temp\Coleta\68.365.5010001-05 - Proparts Comércio de Artigos Esportivos e Tecnologia Ltda\42210368365501000377550000000066481001365721-nfeproc.xml - 00:00:04
INFO 05/24/2021 12:52:55 - Processamento - C:\temp\Coleta\68.365.5010001-05 - Proparts Comércio de Artigos Esportivos e Tecnologia Ltda\42210368365501000377550000000066921001366297-nfeproc.xml - 00:00:08
INFO 05/24/2021 12:52:59 - Processamento - C:\temp\Coleta\68.365.5010002-96 - Proparts Comércio de Artigos Esportivos e Tecnologia Ltda\42210268365501000377550000000057621001352227-nfeproc.xml - 00:00:04
INFO 05/24/2021 12:53:03 - Processamento - C:\temp\Coleta\68.365.5010003-77 - Proparts Comércio de Artigos Esportivos e Tecnologia Ltda\32210268365501000296550000000637861001352605-nfeproc.xml - 00:00:04
INFO 05/24/2021 12:53:15 - Processamento - C:\temp\Coleta\68.365.5010003-77 - Proparts Comércio de Artigos Esportivos e Tecnologia Ltda\32210368365501000296550000000638781001361270-nfeproc.xml - 00:00:12
INFO 05/24/2021 12:53:22 - Processamento - C:\temp\Coleta\68.365.5010003-77 - Proparts Comércio de Artigos Esportivos e Tecnologia Ltda\32210368365501000296550000000638791001361285-nfeproc.xml - 00:00:07
INFO 05/24/2021 12:53:30 - Processamento - C:\temp\Coleta\68.365.5010003-77 - Proparts Comércio de Artigos Esportivos e Tecnologia Ltda\32210368365501000296550000000638801001361324-nfeproc.xml - 00:00:08
INFO 05/24/2021 12:54:00 - Processamento - C:\temp\Coleta\68.365.5010003-77 - Proparts Comércio de Artigos Esportivos e Tecnologia Ltda\32210368365501000296550000000638811001361356-nfeproc.xml - 00:00:30
INFO 05/24/2021 12:54:09 - Processamento - C:\temp\Coleta\68.365.5010003-77 - Proparts Comércio de Artigos Esportivos e Tecnologia Ltda\32210368365501000296550000000638821001361361-nfeproc.xml - 00:00:09
INFO 05/24/2021 12:54:58 - Processamento - C:\temp\Coleta\68.365.5010003-77 - Proparts Comércio de Artigos Esportivos e Tecnologia Ltda\32210368365501000296550000000638841001361501-nfeproc.xml - 00:00:49
INFO 05/24/2021 12:56:30 - Processamento - C:\temp\Coleta\68.365.5010003-77 - Proparts Comércio de Artigos Esportivos e Tecnologia Ltda\32210368365501000296550000000638881001361713-nfeproc.xml - 00:01:32
INFO 05/24/2021 12:56:43 - Processamento - C:\temp\Coleta\68.365.5010003-77 - Proparts Comércio de Artigos Esportivos e Tecnologia Ltda\32210368365501000296550000000638931001362965-nfeproc.xml - 00:00:13
INFO 05/24/2021 12:56:59 - Processamento - C:\temp\Coleta\68.365.5010003-77 - Proparts Comércio de Artigos Esportivos e Tecnologia Ltda\32210368365501000296550000000638961001363203-nfeproc.xml - 00:00:16
INFO 05/24/2021 12:59:26 - Processamento - C:\temp\Coleta\68.365.5010003-77 - Proparts Comércio de Artigos Esportivos e Tecnologia Ltda\32210368365501000296550000000638981001363410-nfeproc.xml - 00:02:27
INFO 05/24/2021 12:59:50 - Processamento - C:\temp\Coleta\68.365.5010003-77 - Proparts Comércio de Artigos Esportivos e Tecnologia Ltda\42210212680452000302550020000886301507884230-nfeproc.xml - 00:00:24
INFO 05/24/2021 13:00:13 - Processamento - C:\temp\Coleta\68.365.5010003-77 - Proparts Comércio de Artigos Esportivos e Tecnologia Ltda\42210212680452000302550020000886311793950145-nfeproc.xml - 00:00:23
INFO 05/24/2021 13:00:37 - Processamento - C:\temp\Coleta\68.365.5010003-77 - Proparts Comércio de Artigos Esportivos e Tecnologia Ltda\42210212680452000302550020000886321950488130-nfeproc.xml - 00:00:24
INFO 05/24/2021 13:00:58 - Processamento - C:\temp\Coleta\68.365.5010003-77 - Proparts Comércio de Artigos Esportivos e Tecnologia Ltda\42210212680452000302550020000886621353793269-nfeproc.xml - 00:00:21
INFO 05/24/2021 13:01:22 - Processamento - C:\temp\Coleta\68.365.5010003-77 - Proparts Comércio de Artigos Esportivos e Tecnologia Ltda\42210212680452000302550020000886631908745976-nfeproc.xml - 00:00:24
INFO 05/24/2021 13:01:43 - Processamento - C:\temp\Coleta\68.365.5010003-77 - Proparts Comércio de Artigos Esportivos e Tecnologia Ltda\42210212680452000302550020000886641536580269-nfeproc.xml - 00:00:21
INFO 05/24/2021 13:02:05 - Processamento - C:\temp\Coleta\68.365.5010003-77 - Proparts Comércio de Artigos Esportivos e Tecnologia Ltda\42210212680452000302550020000886651919334454-nfeproc.xml - 00:00:22
INFO 05/24/2021 13:02:29 - Processamento - C:\temp\Coleta\68.365.5010003-77 - Proparts Comércio de Artigos Esportivos e Tecnologia Ltda\42210212680452000302550020000886661589588749-nfeproc.xml - 00:00:24
INFO 05/24/2021 13:02:50 - Processamento - C:\temp\Coleta\68.365.5010003-77 - Proparts Comércio de Artigos Esportivos e Tecnologia Ltda\42210212680452000302550020000886671744915598-nfeproc.xml - 00:00:21
INFO 05/24/2021 13:03:13 - Processamento - C:\temp\Coleta\68.365.5010003-77 - Proparts Comércio de Artigos Esportivos e Tecnologia Ltda\42210212680452000302550020000886681590660541-nfeproc.xml - 00:00:23
INFO 05/24/2021 13:03:34 - Processamento - C:\temp\Coleta\68.365.5010003-77 - Proparts Comércio de Artigos Esportivos e Tecnologia Ltda\42210312680452000302550020000895841453583169-nfeproc.xml - 00:00:21
INFO 05/24/2021 13:04:02 - Processamento - C:\temp\Coleta\68.365.5010003-77 - Proparts Comércio de Artigos Esportivos e Tecnologia Ltda\42210312680452000302550020000895881434204670-nfeproc.xml - 00:00:28
INFO 05/24/2021 13:04:28 - Processamento - C:\temp\Coleta\68.365.5010003-77 - Proparts Comércio de Artigos Esportivos e Tecnologia Ltda\42210312680452000302550020000895891507465483-nfeproc.xml - 00:00:26
INFO 05/24/2021 13:04:54 - Processamento - C:\temp\Coleta\68.365.5010003-77 - Proparts Comércio de Artigos Esportivos e Tecnologia Ltda\42210312680452000302550020000895901475459131-nfeproc.xml - 00:00:26
INFO 05/24/2021 13:05:16 - Processamento - C:\temp\Coleta\68.365.5010003-77 - Proparts Comércio de Artigos Esportivos e Tecnologia Ltda\42210312680452000302550020000895911468535500-nfeproc.xml - 00:00:22
INFO 05/24/2021 13:05:41 - Processamento - C:\temp\Coleta\68.365.5010003-77 - Proparts Comércio de Artigos Esportivos e Tecnologia Ltda\42210312680452000302550020000895921387689091-nfeproc.xml - 00:00:25
INFO 05/24/2021 13:06:03 - Processamento - C:\temp\Coleta\68.365.5010003-77 - Proparts Comércio de Artigos Esportivos e Tecnologia Ltda\42210312680452000302550020000895931280223491-nfeproc.xml - 00:00:22
INFO 05/24/2021 13:06:25 - Processamento - C:\temp\Coleta\68.365.5010003-77 - Proparts Comércio de Artigos Esportivos e Tecnologia Ltda\42210312680452000302550020000895941333085672-nfeproc.xml - 00:00:22
INFO 05/24/2021 13:06:51 - Processamento - C:\temp\Coleta\68.365.5010003-77 - Proparts Comércio de Artigos Esportivos e Tecnologia Ltda\42210312680452000302550020000895951593767533-nfeproc.xml - 00:00:26
INFO 05/24/2021 13:07:16 - Processamento - C:\temp\Coleta\68.365.5010003-77 - Proparts Comércio de Artigos Esportivos e Tecnologia Ltda\42210312680452000302550020000895961227878685-nfeproc.xml - 00:00:25
INFO 05/24/2021 13:07:42 - Processamento - C:\temp\Coleta\68.365.5010003-77 - Proparts Comércio de Artigos Esportivos e Tecnologia Ltda\42210312680452000302550020000895971527445048-nfeproc.xml - 00:00:26
INFO 05/24/2021 13:08:11 - Processamento - C:\temp\Coleta\68.365.5010003-77 - Proparts Comércio de Artigos Esportivos e Tecnologia Ltda\42210312680452000302550020000895981501486798-nfeproc.xml - 00:00:29
INFO 05/24/2021 13:08:35 - Processamento - C:\temp\Coleta\68.365.5010003-77 - Proparts Comércio de Artigos Esportivos e Tecnologia Ltda\42210312680452000302550020000896001153608382-nfeproc.xml - 00:00:24
INFO 05/24/2021 13:08:59 - Processamento - C:\temp\Coleta\68.365.5010003-77 - Proparts Comércio de Artigos Esportivos e Tecnologia Ltda\42210312680452000302550020000896011053890245-nfeproc.xml - 00:00:24
INFO 05/24/2021 13:09:21 - Processamento - C:\temp\Coleta\68.365.5010003-77 - Proparts Comércio de Artigos Esportivos e Tecnologia Ltda\42210312680452000302550020000896021187019309-nfeproc.xml - 00:00:22
INFO 05/24/2021 13:09:44 - Processamento - C:\temp\Coleta\68.365.5010003-77 - Proparts Comércio de Artigos Esportivos e Tecnologia Ltda\42210312680452000302550020000896031976539618-nfeproc.xml - 00:00:23
INFO 05/24/2021 13:10:08 - Processamento - C:\temp\Coleta\68.365.5010003-77 - Proparts Comércio de Artigos Esportivos e Tecnologia Ltda\42210312680452000302550020000896041324554795-nfeproc.xml - 00:00:24
INFO 05/24/2021 13:10:31 - Processamento - C:\temp\Coleta\68.365.5010003-77 - Proparts Comércio de Artigos Esportivos e Tecnologia Ltda\42210312680452000302550020000896051294130230-nfeproc.xml - 00:00:23
INFO 05/24/2021 13:10:55 - Processamento - C:\temp\Coleta\68.365.5010003-77 - Proparts Comércio de Artigos Esportivos e Tecnologia Ltda\42210312680452000302550020000896061513089822-nfeproc.xml - 00:00:24
INFO 05/24/2021 13:11:18 - Processamento - C:\temp\Coleta\68.365.5010003-77 - Proparts Comércio de Artigos Esportivos e Tecnologia Ltda\42210312680452000302550020000896071732271810-nfeproc.xml - 00:00:23
INFO 05/24/2021 13:11:43 - Processamento - C:\temp\Coleta\68.365.5010003-77 - Proparts Comércio de Artigos Esportivos e Tecnologia Ltda\42210312680452000302550020000896081576058813-nfeproc.xml - 00:00:24
INFO 05/24/2021 13:12:09 - Processamento - C:\temp\Coleta\68.365.5010003-77 - Proparts Comércio de Artigos Esportivos e Tecnologia Ltda\42210312680452000302550020000896091740445133-nfeproc.xml - 00:00:26
INFO 05/24/2021 13:12:32 - Processamento - C:\temp\Coleta\68.365.5010003-77 - Proparts Comércio de Artigos Esportivos e Tecnologia Ltda\42210312680452000302550020000896101560672671-nfeproc.xml - 00:00:23
INFO 05/24/2021 13:12:58 - Processamento - C:\temp\Coleta\68.365.5010003-77 - Proparts Comércio de Artigos Esportivos e Tecnologia Ltda\42210312680452000302550020000896111624259521-nfeproc.xml - 00:00:25
INFO 05/24/2021 13:13:22 - Processamento - C:\temp\Coleta\68.365.5010003-77 - Proparts Comércio de Artigos Esportivos e Tecnologia Ltda\42210312680452000302550020000896121930956029-nfeproc.xml - 00:00:24
INFO 05/24/2021 13:13:46 - Processamento - C:\temp\Coleta\68.365.5010003-77 - Proparts Comércio de Artigos Esportivos e Tecnologia Ltda\42210312680452000302550020000896131218505378-nfeproc.xml - 00:00:24
INFO 05/24/2021 13:14:11 - Processamento - C:\temp\Coleta\68.365.5010003-77 - Proparts Comércio de Artigos Esportivos e Tecnologia Ltda\42210312680452000302550020000896141745406578-nfeproc.xml - 00:00:25
INFO 05/24/2021 13:14:37 - Processamento - C:\temp\Coleta\68.365.5010003-77 - Proparts Comércio de Artigos Esportivos e Tecnologia Ltda\42210312680452000302550020000896151296650490-nfeproc.xml - 00:00:26
INFO 05/24/2021 13:15:01 - Processamento - C:\temp\Coleta\68.365.5010003-77 - Proparts Comércio de Artigos Esportivos e Tecnologia Ltda\42210312680452000302550020000896161107733358-nfeproc.xml - 00:00:24
INFO 05/24/2021 13:15:26 - Processamento - C:\temp\Coleta\68.365.5010003-77 - Proparts Comércio de Artigos Esportivos e Tecnologia Ltda\42210312680452000302550020000896171011536788-nfeproc.xml - 00:00:25
INFO 05/24/2021 13:15:53 - Processamento - C:\temp\Coleta\68.365.5010003-77 - Proparts Comércio de Artigos Esportivos e Tecnologia Ltda\42210312680452000302550020000896181716205488-nfeproc.xml - 00:00:27
INFO 05/24/2021 13:16:19 - Processamento - C:\temp\Coleta\68.365.5010003-77 - Proparts Comércio de Artigos Esportivos e Tecnologia Ltda\42210312680452000302550020000896191070994686-nfeproc.xml - 00:00:26
INFO 05/24/2021 13:16:44 - Processamento - C:\temp\Coleta\68.365.5010003-77 - Proparts Comércio de Artigos Esportivos e Tecnologia Ltda\42210312680452000302550020000896201269925336-nfeproc.xml - 00:00:24
INFO 05/24/2021 13:17:20 - Processamento - C:\temp\Coleta\68.365.5010003-77 - Proparts Comércio de Artigos Esportivos e Tecnologia Ltda\42210312680452000302550020000896211047732555-nfeproc.xml - 00:00:36
INFO 05/24/2021 13:17:46 - Processamento - C:\temp\Coleta\68.365.5010003-77 - Proparts Comércio de Artigos Esportivos e Tecnologia Ltda\42210312680452000302550020000896221265844131-nfeproc.xml - 00:00:26
INFO 05/24/2021 13:18:14 - Processamento - C:\temp\Coleta\68.365.5010003-77 - Proparts Comércio de Artigos Esportivos e Tecnologia Ltda\42210312680452000302550020000896231073284720-nfeproc.xml - 00:00:28
INFO 05/24/2021 13:18:40 - Processamento - C:\temp\Coleta\68.365.5010003-77 - Proparts Comércio de Artigos Esportivos e Tecnologia Ltda\42210312680452000302550020000896241195708140-nfeproc.xml - 00:00:26
INFO 05/24/2021 13:19:06 - Processamento - C:\temp\Coleta\68.365.5010003-77 - Proparts Comércio de Artigos Esportivos e Tecnologia Ltda\42210312680452000302550020000896251610437312-nfeproc.xml - 00:00:26
INFO 05/24/2021 13:19:31 - Processamento - C:\temp\Coleta\68.365.5010003-77 - Proparts Comércio de Artigos Esportivos e Tecnologia Ltda\42210312680452000302550020000896261508807715-nfeproc.xml - 00:00:25
INFO 05/24/2021 13:19:58 - Processamento - C:\temp\Coleta\68.365.5010003-77 - Proparts Comércio de Artigos Esportivos e Tecnologia Ltda\42210312680452000302550020000896271852244774-nfeproc.xml - 00:00:26
INFO 05/24/2021 13:20:27 - Processamento - C:\temp\Coleta\68.365.5010003-77 - Proparts Comércio de Artigos Esportivos e Tecnologia Ltda\42210312680452000302550020000896281765288053-nfeproc.xml - 00:00:29
INFO 05/24/2021 13:20:53 - Processamento - C:\temp\Coleta\68.365.5010003-77 - Proparts Comércio de Artigos Esportivos e Tecnologia Ltda\42210312680452000302550020000896291125891170-nfeproc.xml - 00:00:26
INFO 05/24/2021 13:21:22 - Processamento - C:\temp\Coleta\68.365.5010003-77 - Proparts Comércio de Artigos Esportivos e Tecnologia Ltda\42210312680452000302550020000896301011579772-nfeproc.xml - 00:00:29
INFO 05/24/2021 13:21:50 - Processamento - C:\temp\Coleta\68.365.5010003-77 - Proparts Comércio de Artigos Esportivos e Tecnologia Ltda\42210312680452000302550020000896311456072396-nfeproc.xml - 00:00:28
INFO 05/24/2021 13:22:19 - Processamento - C:\temp\Coleta\68.365.5010003-77 - Proparts Comércio de Artigos Esportivos e Tecnologia Ltda\42210312680452000302550020000896321046514566-nfeproc.xml - 00:00:29
INFO 05/24/2021 13:22:45 - Processamento - C:\temp\Coleta\68.365.5010003-77 - Proparts Comércio de Artigos Esportivos e Tecnologia Ltda\42210312680452000302550020000896331747527050-nfeproc.xml - 00:00:26
INFO 05/24/2021 13:23:12 - Processamento - C:\temp\Coleta\68.365.5010003-77 - Proparts Comércio de Artigos Esportivos e Tecnologia Ltda\42210312680452000302550020000896341493435091-nfeproc.xml - 00:00:27
INFO 05/24/2021 13:23:42 - Processamento - C:\temp\Coleta\68.365.5010003-77 - Proparts Comércio de Artigos Esportivos e Tecnologia Ltda\42210312680452000302550020000896351094487290-nfeproc.xml - 00:00:30
INFO 05/24/2021 13:24:16 - Processamento - C:\temp\Coleta\68.365.5010003-77 - Proparts Comércio de Artigos Esportivos e Tecnologia Ltda\42210312680452000302550020000896361127163495-nfeproc.xml - 00:00:34
INFO 05/24/2021 13:24:47 - Processamento - C:\temp\Coleta\68.365.5010003-77 - Proparts Comércio de Artigos Esportivos e Tecnologia Ltda\42210312680452000302550020000896371441238564-nfeproc.xml - 00:00:31
INFO 05/24/2021 13:25:16 - Processamento - C:\temp\Coleta\68.365.5010003-77 - Proparts Comércio de Artigos Esportivos e Tecnologia Ltda\42210312680452000302550020000896381880471317-nfeproc.xml - 00:00:29
INFO 05/24/2021 13:25:44 - Processamento - C:\temp\Coleta\68.365.5010003-77 - Proparts Comércio de Artigos Esportivos e Tecnologia Ltda\42210312680452000302550020000896391865617567-nfeproc.xml - 00:00:28
INFO 05/24/2021 13:26:15 - Processamento - C:\temp\Coleta\68.365.5010003-77 - Proparts Comércio de Artigos Esportivos e Tecnologia Ltda\42210312680452000302550020000896401599602282-nfeproc.xml - 00:00:31
INFO 05/24/2021 13:26:47 - Processamento - C:\temp\Coleta\68.365.5010003-77 - Proparts Comércio de Artigos Esportivos e Tecnologia Ltda\42210312680452000302550020000896411215148129-nfeproc.xml - 00:00:32
INFO 05/24/2021 13:27:15 - Processamento - C:\temp\Coleta\68.365.5010003-77 - Proparts Comércio de Artigos Esportivos e Tecnologia Ltda\42210312680452000302550020000896421288332016-nfeproc.xml - 00:00:28
INFO 05/24/2021 13:27:44 - Processamento - C:\temp\Coleta\68.365.5010003-77 - Proparts Comércio de Artigos Esportivos e Tecnologia Ltda\42210312680452000302550020000896431097646714-nfeproc.xml - 00:00:29
INFO 05/24/2021 13:28:19 - Processamento - C:\temp\Coleta\68.365.5010003-77 - Proparts Comércio de Artigos Esportivos e Tecnologia Ltda\42210312680452000302550020000896441767221359-nfeproc.xml - 00:00:35
INFO 05/24/2021 13:28:48 - Processamento - C:\temp\Coleta\68.365.5010003-77 - Proparts Comércio de Artigos Esportivos e Tecnologia Ltda\42210312680452000302550020000896451891406583-nfeproc.xml - 00:00:29
INFO 05/24/2021 13:29:16 - Processamento - C:\temp\Coleta\68.365.5010003-77 - Proparts Comércio de Artigos Esportivos e Tecnologia Ltda\42210312680452000302550020000896461449419168-nfeproc.xml - 00:00:28
INFO 05/24/2021 13:29:44 - Processamento - C:\temp\Coleta\68.365.5010003-77 - Proparts Comércio de Artigos Esportivos e Tecnologia Ltda\42210312680452000302550020000896471760205600-nfeproc.xml - 00:00:28
INFO 05/24/2021 13:30:12 - Processamento - C:\temp\Coleta\68.365.5010003-77 - Proparts Comércio de Artigos Esportivos e Tecnologia Ltda\42210312680452000302550020000896481240745225-nfeproc.xml - 00:00:28
INFO 05/24/2021 13:30:39 - Processamento - C:\temp\Coleta\68.365.5010003-77 - Proparts Comércio de Artigos Esportivos e Tecnologia Ltda\42210312680452000302550020000896491971233315-nfeproc.xml - 00:00:27
INFO 05/24/2021 13:31:08 - Processamento - C:\temp\Coleta\68.365.5010003-77 - Proparts Comércio de Artigos Esportivos e Tecnologia Ltda\42210312680452000302550020000896501309148954-nfeproc.xml - 00:00:29
INFO 05/24/2021 13:31:36 - Processamento - C:\temp\Coleta\68.365.5010003-77 - Proparts Comércio de Artigos Esportivos e Tecnologia Ltda\42210312680452000302550020000896511368817090-nfeproc.xml - 00:00:28
INFO 05/24/2021 13:32:07 - Processamento - C:\temp\Coleta\68.365.5010003-77 - Proparts Comércio de Artigos Esportivos e Tecnologia Ltda\42210312680452000302550020000896521239448053-nfeproc.xml - 00:00:31
INFO 05/24/2021 13:32:36 - Processamento - C:\temp\Coleta\68.365.5010003-77 - Proparts Comércio de Artigos Esportivos e Tecnologia Ltda\42210312680452000302550020000896531918075711-nfeproc.xml - 00:00:29
INFO 05/24/2021 13:33:06 - Processamento - C:\temp\Coleta\68.365.5010003-77 - Proparts Comércio de Artigos Esportivos e Tecnologia Ltda\42210312680452000302550020000897081625488168-nfeproc.xml - 00:00:30
INFO 05/24/2021 13:33:36 - Processamento - C:\temp\Coleta\68.365.5010003-77 - Proparts Comércio de Artigos Esportivos e Tecnologia Ltda\42210312680452000302550020000897101255827484-nfeproc.xml - 00:00:30
INFO 05/24/2021 13:34:06 - Processamento - C:\temp\Coleta\68.365.5010003-77 - Proparts Comércio de Artigos Esportivos e Tecnologia Ltda\42210312680452000302550020000897111542698799-nfeproc.xml - 00:00:30
INFO 05/24/2021 13:34:36 - Processamento - C:\temp\Coleta\68.365.5010003-77 - Proparts Comércio de Artigos Esportivos e Tecnologia Ltda\42210312680452000302550020000897121371852702-nfeproc.xml - 00:00:30
INFO 05/24/2021 13:35:04 - Processamento - C:\temp\Coleta\68.365.5010003-77 - Proparts Comércio de Artigos Esportivos e Tecnologia Ltda\42210312680452000302550020000897131354814943-nfeproc.xml - 00:00:28
INFO 05/24/2021 13:35:33 - Processamento - C:\temp\Coleta\68.365.5010003-77 - Proparts Comércio de Artigos Esportivos e Tecnologia Ltda\42210312680452000302550020000897141784890863-nfeproc.xml - 00:00:29
INFO 05/24/2021 13:36:01 - Processamento - C:\temp\Coleta\68.365.5010003-77 - Proparts Comércio de Artigos Esportivos e Tecnologia Ltda\42210312680452000302550020000897151098690149-nfeproc.xml - 00:00:28
INFO 05/24/2021 13:36:31 - Processamento - C:\temp\Coleta\68.365.5010003-77 - Proparts Comércio de Artigos Esportivos e Tecnologia Ltda\42210312680452000302550020000897161988763228-nfeproc.xml - 00:00:30
INFO 05/24/2021 13:37:02 - Processamento - C:\temp\Coleta\68.365.5010003-77 - Proparts Comércio de Artigos Esportivos e Tecnologia Ltda\42210312680452000302550020000897171546957865-nfeproc.xml - 00:00:31
INFO 05/24/2021 13:37:33 - Processamento - C:\temp\Coleta\68.365.5010003-77 - Proparts Comércio de Artigos Esportivos e Tecnologia Ltda\42210312680452000302550020000897181482166860-nfeproc.xml - 00:00:31
INFO 05/24/2021 13:38:04 - Processamento - C:\temp\Coleta\68.365.5010003-77 - Proparts Comércio de Artigos Esportivos e Tecnologia Ltda\42210312680452000302550020000897191347344310-nfeproc.xml - 00:00:31
INFO 05/24/2021 13:38:34 - Processamento - C:\temp\Coleta\68.365.5010003-77 - Proparts Comércio de Artigos Esportivos e Tecnologia Ltda\42210312680452000302550020000897201121880735-nfeproc.xml - 00:00:30
INFO 05/24/2021 13:39:04 - Processamento - C:\temp\Coleta\68.365.5010003-77 - Proparts Comércio de Artigos Esportivos e Tecnologia Ltda\42210312680452000302550020000897211481277060-nfeproc.xml - 00:00:29
INFO 05/24/2021 13:39:34 - Processamento - C:\temp\Coleta\68.365.5010003-77 - Proparts Comércio de Artigos Esportivos e Tecnologia Ltda\42210312680452000302550020000897221805159358-nfeproc.xml - 00:00:30
INFO 05/24/2021 13:40:04 - Processamento - C:\temp\Coleta\68.365.5010003-77 - Proparts Comércio de Artigos Esportivos e Tecnologia Ltda\42210312680452000302550020000897231216136512-nfeproc.xml - 00:00:30
INFO 05/24/2021 13:40:34 - Processamento - C:\temp\Coleta\68.365.5010003-77 - Proparts Comércio de Artigos Esportivos e Tecnologia Ltda\42210312680452000302550020000897241421901567-nfeproc.xml - 00:00:30
INFO 05/24/2021 13:41:04 - Processamento - C:\temp\Coleta\68.365.5010003-77 - Proparts Comércio de Artigos Esportivos e Tecnologia Ltda\42210312680452000302550020000897251945817724-nfeproc.xml - 00:00:30
INFO 05/24/2021 13:41:35 - Processamento - C:\temp\Coleta\68.365.5010003-77 - Proparts Comércio de Artigos Esportivos e Tecnologia Ltda\42210312680452000302550020000897261951313268-nfeproc.xml - 00:00:31
INFO 05/24/2021 13:42:09 - Processamento - C:\temp\Coleta\68.365.5010003-77 - Proparts Comércio de Artigos Esportivos e Tecnologia Ltda\42210312680452000302550020000897271358526077-nfeproc.xml - 00:00:34
INFO 05/24/2021 13:42:42 - Processamento - C:\temp\Coleta\68.365.5010003-77 - Proparts Comércio de Artigos Esportivos e Tecnologia Ltda\42210312680452000302550020000897281167159328-nfeproc.xml - 00:00:33
INFO 05/24/2021 13:43:14 - Processamento - C:\temp\Coleta\68.365.5010003-77 - Proparts Comércio de Artigos Esportivos e Tecnologia Ltda\42210312680452000302550020000897291114414908-nfeproc.xml - 00:00:32
INFO 05/24/2021 13:43:46 - Processamento - C:\temp\Coleta\68.365.5010003-77 - Proparts Comércio de Artigos Esportivos e Tecnologia Ltda\42210312680452000302550020000897301254868341-nfeproc.xml - 00:00:32
INFO 05/24/2021 13:44:19 - Processamento - C:\temp\Coleta\68.365.5010003-77 - Proparts Comércio de Artigos Esportivos e Tecnologia Ltda\42210312680452000302550020000897311345224398-nfeproc.xml - 00:00:33
INFO 05/24/2021 13:44:50 - Processamento - C:\temp\Coleta\68.365.5010003-77 - Proparts Comércio de Artigos Esportivos e Tecnologia Ltda\42210312680452000302550020000897321400124512-nfeproc.xml - 00:00:31
INFO 05/24/2021 13:45:23 - Processamento - C:\temp\Coleta\68.365.5010003-77 - Proparts Comércio de Artigos Esportivos e Tecnologia Ltda\42210312680452000302550020000897331886193911-nfeproc.xml - 00:00:33
INFO 05/24/2021 13:45:54 - Processamento - C:\temp\Coleta\68.365.5010003-77 - Proparts Comércio de Artigos Esportivos e Tecnologia Ltda\42210312680452000302550020000897341214730763-nfeproc.xml - 00:00:31
INFO 05/24/2021 13:46:25 - Processamento - C:\temp\Coleta\68.365.5010003-77 - Proparts Comércio de Artigos Esportivos e Tecnologia Ltda\42210312680452000302550020000897351113423412-nfeproc.xml - 00:00:31
INFO 05/24/2021 13:46:57 - Processamento - C:\temp\Coleta\68.365.5010003-77 - Proparts Comércio de Artigos Esportivos e Tecnologia Ltda\42210312680452000302550020000897361415131624-nfeproc.xml - 00:00:32
INFO 05/24/2021 13:49:28 - Processamento - C:\temp\Coleta\68.365.5010003-77 - Proparts Comércio de Artigos Esportivos e Tecnologia Ltda\42210312680452000302550020000897371805819989-nfeproc.xml - 00:00:43
INFO 05/24/2021 13:50:13 - Processamento - C:\temp\Coleta\68.365.5010003-77 - Proparts Comércio de Artigos Esportivos e Tecnologia Ltda\42210312680452000302550020000897381376585369-nfeproc.xml - 00:00:44
INFO 05/24/2021 13:50:57 - Processamento - C:\temp\Coleta\68.365.5010003-77 - Proparts Comércio de Artigos Esportivos e Tecnologia Ltda\42210312680452000302550020000897391904347133-nfeproc.xml - 00:00:44
INFO 05/24/2021 13:51:44 - Processamento - C:\temp\Coleta\68.365.5010003-77 - Proparts Comércio de Artigos Esportivos e Tecnologia Ltda\42210312680452000302550020000897401501672541-nfeproc.xml - 00:00:47
INFO 05/24/2021 13:52:30 - Processamento - C:\temp\Coleta\68.365.5010003-77 - Proparts Comércio de Artigos Esportivos e Tecnologia Ltda\42210312680452000302550020000897411019197312-nfeproc.xml - 00:00:46
INFO 05/24/2021 13:53:17 - Processamento - C:\temp\Coleta\68.365.5010003-77 - Proparts Comércio de Artigos Esportivos e Tecnologia Ltda\42210312680452000302550020000897421171858323-nfeproc.xml - 00:00:47
INFO 05/24/2021 13:54:02 - Processamento - C:\temp\Coleta\68.365.5010003-77 - Proparts Comércio de Artigos Esportivos e Tecnologia Ltda\42210312680452000302550020000897431666408370-nfeproc.xml - 00:00:45
INFO 05/24/2021 13:54:55 - Processamento - C:\temp\Coleta\68.365.5010003-77 - Proparts Comércio de Artigos Esportivos e Tecnologia Ltda\42210312680452000302550020000897441432938702-nfeproc.xml - 00:00:53
INFO 05/24/2021 13:55:31 - Processamento - C:\temp\Coleta\68.365.5010003-77 - Proparts Comércio de Artigos Esportivos e Tecnologia Ltda\42210312680452000302550020000897451059664476-nfeproc.xml - 00:00:36
INFO 05/24/2021 13:56:05 - Processamento - C:\temp\Coleta\68.365.5010003-77 - Proparts Comércio de Artigos Esportivos e Tecnologia Ltda\42210312680452000302550020000897461281268210-nfeproc.xml - 00:00:34
INFO 05/24/2021 13:56:37 - Processamento - C:\temp\Coleta\68.365.5010003-77 - Proparts Comércio de Artigos Esportivos e Tecnologia Ltda\42210312680452000302550020000897471891941918-nfeproc.xml - 00:00:32
INFO 05/24/2021 13:57:08 - Processamento - C:\temp\Coleta\68.365.5010003-77 - Proparts Comércio de Artigos Esportivos e Tecnologia Ltda\42210312680452000302550020000897481894831347-nfeproc.xml - 00:00:30
INFO 05/24/2021 13:58:04 - Processamento - C:\temp\Coleta\68.365.5010003-77 - Proparts Comércio de Artigos Esportivos e Tecnologia Ltda\42210312680452000302550020000897491930387364-nfeproc.xml - 00:00:56
INFO 05/24/2021 13:58:35 - Processamento - C:\temp\Coleta\68.365.5010003-77 - Proparts Comércio de Artigos Esportivos e Tecnologia Ltda\42210312680452000302550020000897501841372354-nfeproc.xml - 00:00:31
INFO 05/24/2021 13:59:59 - tblDadosConexaoNFeCTe - Quantidade de arquivos: 1086 - 00:00:00
INFO 05/24/2021 14:12:43 - Processamento - ProcessarArquivosXml - 00:12:44
INFO 05/24/2021 15:28:12 - Processamento - CriarTipoDeArquivo (FlagLancadaERP) - 00:00:32
INFO 05/24/2021 15:30:45 - Processamento - CriarTipoDeArquivo (Manifesto) - 00:00:28
