INFO 04/14/2021 08:01:40 - tblDadosConexaoNFeCTe - Quantidade de arquivos: 1086 - 00:00:00
INFO 04/14/2021 08:06:47 - Processamento - ProcessarArquivosXml - 00:05:07
INFO 04/14/2021 08:07:48 - Processamento - TransferirDadosProcessados - 00:01:01
INFO 04/14/2021 08:07:58 - Processamento - CriarTipoDeArquivo - 00:00:09
INFO 04/14/2021 08:08:06 - Processamento - CriarTipoDeArquivo - 00:00:08
INFO 04/14/2021 08:10:37 - tblDadosConexaoNFeCTe - Quantidade de arquivos: 1086 - 00:00:00
INFO 04/14/2021 08:15:38 - Processamento - ProcessarArquivosXml - 00:05:01
INFO 04/14/2021 08:16:41 - Processamento - TransferirDadosProcessados - 00:01:03
INFO 04/14/2021 08:16:50 - Processamento - CriarTipoDeArquivo (FlagLancadaERP) - 00:00:09
INFO 04/14/2021 08:16:58 - Processamento - CriarTipoDeArquivo (Manifesto) - 00:00:08
INFO 04/14/2021 08:50:44 - tblCompraNF - Quantidade de arquivos: 577 - 00:00:00
INFO 04/14/2021 08:55:48 - Processamento - ProcessarArquivosXml - 00:05:04
INFO 04/14/2021 08:56:55 - Processamento - TransferirDadosProcessados - 00:01:07
INFO 04/14/2021 09:35:50 - tblDadosConexaoNFeCTe - Quantidade de arquivos: 1086 - 00:00:00
INFO 04/14/2021 09:42:53 - Processamento - ProcessarArquivosXml - 00:07:03
INFO 04/14/2021 09:44:58 - Processamento - TransferirDadosProcessados - 00:02:05
INFO 04/14/2021 09:45:24 - Processamento - CriarTipoDeArquivo (FlagLancadaERP) - 00:00:25
INFO 04/14/2021 09:45:38 - Processamento - CriarTipoDeArquivo (Manifesto) - 00:00:14
INFO 04/14/2021 09:48:09 - tblCompraNF - Quantidade de arquivos: 577 - 00:00:00
INFO 04/14/2021 09:54:41 - Processamento - ProcessarArquivosXml - 00:06:32
INFO 04/14/2021 09:56:01 - Processamento - TransferirDadosProcessados - 00:01:20
INFO 04/14/2021 10:02:41 - tblDadosConexaoNFeCTe - Quantidade de arquivos: 1086 - 00:00:00
INFO 04/14/2021 10:08:55 - Processamento - ProcessarArquivosXml - 00:06:14
INFO 04/14/2021 10:10:03 - Processamento - TransferirDadosProcessados - 00:01:08
INFO 04/14/2021 10:10:13 - Processamento - CriarTipoDeArquivo (FlagLancadaERP) - 00:00:10
INFO 04/14/2021 10:10:23 - Processamento - CriarTipoDeArquivo (Manifesto) - 00:00:10
INFO 04/14/2021 10:11:02 - tblCompraNF - Quantidade de arquivos: 577 - 00:00:00
INFO 04/14/2021 10:16:40 - Processamento - ProcessarArquivosXml - 00:05:38
INFO 04/14/2021 10:18:06 - Processamento - TransferirDadosProcessados - 00:01:26
