INFO 04/30/2021 02:00:14 - tblCompraNF - Quantidade de arquivos: 562 - 00:00:00
INFO 04/30/2021 02:01:20 - tblCompraNF - Quantidade de arquivos: 562 - 00:00:00
INFO 04/30/2021 02:02:28 - tblCompraNF - Quantidade de arquivos: 562 - 00:00:00
INFO 04/30/2021 02:04:32 - tblCompraNF - Quantidade de arquivos: 562 - 00:00:00
INFO 04/30/2021 02:08:31 - tblCompraNF - Quantidade de arquivos: 562 - 00:00:00
INFO 04/30/2021 02:13:34 - tblCompraNF - Quantidade de arquivos: 562 - 00:00:00
INFO 04/30/2021 02:51:01 - tblCompraNF - Quantidade de arquivos: 562 - 00:00:00
INFO 04/30/2021 02:54:53 - Processamento - ProcessarArquivosXml - 00:03:52
INFO 04/30/2021 02:55:41 - Processamento - TransferirDadosProcessados - 00:00:48
INFO 04/30/2021 03:26:00 - tblCompraNFItem - Quantidade de arquivos: 428 - 00:00:00
INFO 04/30/2021 03:29:26 - Processamento - ProcessarArquivosXml - 00:03:26
INFO 04/30/2021 03:49:38 - Processamento - TransferirDadosProcessados - 00:00:00
INFO 04/30/2021 03:52:25 - Processamento - TransferirDadosProcessados - 00:00:00
INFO 04/30/2021 03:52:26 - Processamento - TransferirDadosProcessados - 00:00:00
INFO 04/30/2021 03:52:26 - Processamento - TransferirDadosProcessados - 00:00:00
INFO 04/30/2021 03:52:26 - Processamento - TransferirDadosProcessados - 00:00:00
INFO 04/30/2021 03:52:27 - Processamento - TransferirDadosProcessados - 00:00:00
INFO 04/30/2021 03:52:27 - Processamento - TransferirDadosProcessados - 00:00:00
INFO 04/30/2021 03:52:27 - Processamento - TransferirDadosProcessados - 00:00:00
INFO 04/30/2021 03:52:28 - Processamento - TransferirDadosProcessados - 00:00:00
INFO 04/30/2021 03:52:28 - Processamento - TransferirDadosProcessados - 00:00:00
INFO 04/30/2021 03:52:28 - Processamento - TransferirDadosProcessados - 00:00:00
INFO 04/30/2021 03:52:28 - Processamento - TransferirDadosProcessados - 00:00:00
INFO 04/30/2021 03:52:29 - Processamento - TransferirDadosProcessados - 00:00:00
INFO 04/30/2021 03:52:30 - Processamento - TransferirDadosProcessados - 00:00:00
INFO 04/30/2021 03:52:30 - Processamento - TransferirDadosProcessados - 00:00:00
INFO 04/30/2021 03:52:30 - Processamento - TransferirDadosProcessados - 00:00:00
INFO 04/30/2021 03:52:31 - Processamento - TransferirDadosProcessados - 00:00:00
INFO 04/30/2021 03:52:31 - Processamento - TransferirDadosProcessados - 00:00:00
INFO 04/30/2021 03:52:31 - Processamento - TransferirDadosProcessados - 00:00:00
INFO 04/30/2021 03:52:33 - Processamento - TransferirDadosProcessados - 00:00:01
INFO 04/30/2021 03:52:33 - Processamento - TransferirDadosProcessados - 00:00:00
INFO 04/30/2021 03:52:33 - Processamento - TransferirDadosProcessados - 00:00:00
INFO 04/30/2021 03:52:37 - Processamento - TransferirDadosProcessados - 00:00:01
INFO 04/30/2021 03:52:38 - Processamento - TransferirDadosProcessados - 00:00:00
INFO 04/30/2021 03:52:45 - Processamento - TransferirDadosProcessados - 00:00:02
INFO 04/30/2021 03:53:00 - Processamento - TransferirDadosProcessados - 00:00:04
INFO 04/30/2021 03:53:00 - Processamento - TransferirDadosProcessados - 00:00:00
INFO 04/30/2021 03:53:01 - Processamento - TransferirDadosProcessados - 00:00:01
INFO 04/30/2021 03:53:31 - Processamento - TransferirDadosProcessados - 00:00:06
INFO 04/30/2021 03:53:32 - Processamento - TransferirDadosProcessados - 00:00:01
INFO 04/30/2021 03:53:32 - Processamento - TransferirDadosProcessados - 00:00:00
INFO 04/30/2021 03:53:33 - Processamento - TransferirDadosProcessados - 00:00:00
INFO 04/30/2021 03:53:33 - Processamento - TransferirDadosProcessados - 00:00:00
INFO 04/30/2021 03:53:35 - Processamento - TransferirDadosProcessados - 00:00:01
INFO 04/30/2021 03:53:35 - Processamento - TransferirDadosProcessados - 00:00:00
INFO 04/30/2021 03:53:35 - Processamento - TransferirDadosProcessados - 00:00:00
INFO 04/30/2021 03:53:36 - Processamento - TransferirDadosProcessados - 00:00:00
INFO 04/30/2021 03:53:37 - Processamento - TransferirDadosProcessados - 00:00:00
INFO 04/30/2021 03:53:37 - Processamento - TransferirDadosProcessados - 00:00:00
INFO 04/30/2021 03:53:37 - Processamento - TransferirDadosProcessados - 00:00:00
INFO 04/30/2021 03:53:40 - Processamento - TransferirDadosProcessados - 00:00:01
INFO 04/30/2021 03:53:41 - Processamento - TransferirDadosProcessados - 00:00:01
INFO 04/30/2021 03:53:42 - Processamento - TransferirDadosProcessados - 00:00:00
INFO 04/30/2021 03:53:43 - Processamento - TransferirDadosProcessados - 00:00:00
INFO 04/30/2021 03:53:44 - Processamento - TransferirDadosProcessados - 00:00:01
INFO 04/30/2021 03:53:44 - Processamento - TransferirDadosProcessados - 00:00:00
INFO 04/30/2021 03:53:44 - Processamento - TransferirDadosProcessados - 00:00:00
INFO 04/30/2021 03:53:45 - Processamento - TransferirDadosProcessados - 00:00:00
INFO 04/30/2021 03:53:46 - Processamento - TransferirDadosProcessados - 00:00:01
INFO 04/30/2021 03:53:47 - Processamento - TransferirDadosProcessados - 00:00:01
INFO 04/30/2021 03:53:47 - Processamento - TransferirDadosProcessados - 00:00:00
INFO 04/30/2021 03:53:48 - Processamento - TransferirDadosProcessados - 00:00:00
INFO 04/30/2021 03:53:48 - Processamento - TransferirDadosProcessados - 00:00:00
INFO 04/30/2021 03:53:48 - Processamento - TransferirDadosProcessados - 00:00:00
INFO 04/30/2021 03:53:48 - Processamento - TransferirDadosProcessados - 00:00:00
INFO 04/30/2021 03:53:49 - Processamento - TransferirDadosProcessados - 00:00:00
INFO 04/30/2021 03:53:49 - Processamento - TransferirDadosProcessados - 00:00:00
INFO 04/30/2021 03:53:49 - Processamento - TransferirDadosProcessados - 00:00:00
INFO 04/30/2021 03:53:49 - Processamento - TransferirDadosProcessados - 00:00:00
INFO 04/30/2021 03:53:50 - Processamento - TransferirDadosProcessados - 00:00:00
INFO 04/30/2021 03:53:50 - Processamento - TransferirDadosProcessados - 00:00:00
INFO 04/30/2021 03:53:50 - Processamento - TransferirDadosProcessados - 00:00:00
INFO 04/30/2021 03:53:51 - Processamento - TransferirDadosProcessados - 00:00:00
INFO 04/30/2021 03:53:51 - Processamento - TransferirDadosProcessados - 00:00:00
INFO 04/30/2021 03:53:51 - Processamento - TransferirDadosProcessados - 00:00:00
INFO 04/30/2021 03:53:52 - Processamento - TransferirDadosProcessados - 00:00:00
INFO 04/30/2021 03:53:52 - Processamento - TransferirDadosProcessados - 00:00:00
INFO 04/30/2021 03:53:52 - Processamento - TransferirDadosProcessados - 00:00:00
INFO 04/30/2021 03:53:52 - Processamento - TransferirDadosProcessados - 00:00:00
INFO 04/30/2021 03:53:53 - Processamento - TransferirDadosProcessados - 00:00:00
INFO 04/30/2021 03:53:54 - Processamento - TransferirDadosProcessados - 00:00:00
INFO 04/30/2021 03:53:54 - Processamento - TransferirDadosProcessados - 00:00:00
INFO 04/30/2021 03:53:57 - Processamento - TransferirDadosProcessados - 00:00:01
INFO 04/30/2021 03:53:57 - Processamento - TransferirDadosProcessados - 00:00:00
INFO 04/30/2021 03:53:57 - Processamento - TransferirDadosProcessados - 00:00:00
INFO 04/30/2021 03:53:57 - Processamento - TransferirDadosProcessados - 00:00:00
INFO 04/30/2021 03:53:57 - Processamento - TransferirDadosProcessados - 00:00:00
INFO 04/30/2021 03:53:58 - Processamento - TransferirDadosProcessados - 00:00:00
INFO 04/30/2021 03:53:58 - Processamento - TransferirDadosProcessados - 00:00:00
INFO 04/30/2021 03:53:58 - Processamento - TransferirDadosProcessados - 00:00:00
INFO 04/30/2021 03:53:58 - Processamento - TransferirDadosProcessados - 00:00:00
INFO 04/30/2021 03:53:59 - Processamento - TransferirDadosProcessados - 00:00:00
INFO 04/30/2021 03:53:59 - Processamento - TransferirDadosProcessados - 00:00:00
INFO 04/30/2021 03:53:59 - Processamento - TransferirDadosProcessados - 00:00:00
INFO 04/30/2021 03:53:59 - Processamento - TransferirDadosProcessados - 00:00:00
INFO 04/30/2021 03:53:59 - Processamento - TransferirDadosProcessados - 00:00:00
INFO 04/30/2021 03:54:00 - Processamento - TransferirDadosProcessados - 00:00:00
INFO 04/30/2021 03:54:01 - Processamento - TransferirDadosProcessados - 00:00:00
INFO 04/30/2021 03:54:02 - Processamento - TransferirDadosProcessados - 00:00:00
INFO 04/30/2021 03:54:02 - Processamento - TransferirDadosProcessados - 00:00:00
INFO 04/30/2021 03:54:02 - Processamento - TransferirDadosProcessados - 00:00:00
INFO 04/30/2021 03:54:04 - Processamento - TransferirDadosProcessados - 00:00:01
INFO 04/30/2021 03:54:04 - Processamento - TransferirDadosProcessados - 00:00:00
INFO 04/30/2021 03:54:05 - Processamento - TransferirDadosProcessados - 00:00:00
INFO 04/30/2021 03:54:05 - Processamento - TransferirDadosProcessados - 00:00:00
INFO 04/30/2021 03:54:07 - Processamento - TransferirDadosProcessados - 00:00:01
INFO 04/30/2021 03:54:07 - Processamento - TransferirDadosProcessados - 00:00:00
INFO 04/30/2021 03:54:07 - Processamento - TransferirDadosProcessados - 00:00:00
INFO 04/30/2021 03:54:07 - Processamento - TransferirDadosProcessados - 00:00:00
INFO 04/30/2021 03:54:07 - Processamento - TransferirDadosProcessados - 00:00:00
INFO 04/30/2021 03:54:08 - Processamento - TransferirDadosProcessados - 00:00:00
INFO 04/30/2021 03:54:08 - Processamento - TransferirDadosProcessados - 00:00:00
INFO 04/30/2021 03:54:08 - Processamento - TransferirDadosProcessados - 00:00:00
INFO 04/30/2021 03:54:08 - Processamento - TransferirDadosProcessados - 00:00:00
INFO 04/30/2021 03:54:08 - Processamento - TransferirDadosProcessados - 00:00:00
INFO 04/30/2021 03:54:09 - Processamento - TransferirDadosProcessados - 00:00:00
INFO 04/30/2021 03:54:09 - Processamento - TransferirDadosProcessados - 00:00:00
INFO 04/30/2021 03:54:09 - Processamento - TransferirDadosProcessados - 00:00:00
INFO 04/30/2021 03:54:09 - Processamento - TransferirDadosProcessados - 00:00:00
INFO 04/30/2021 03:54:10 - Processamento - TransferirDadosProcessados - 00:00:00
INFO 04/30/2021 03:54:10 - Processamento - TransferirDadosProcessados - 00:00:00
INFO 04/30/2021 03:54:10 - Processamento - TransferirDadosProcessados - 00:00:00
INFO 04/30/2021 03:54:10 - Processamento - TransferirDadosProcessados - 00:00:00
INFO 04/30/2021 03:54:11 - Processamento - TransferirDadosProcessados - 00:00:01
INFO 04/30/2021 03:54:11 - Processamento - TransferirDadosProcessados - 00:00:00
INFO 04/30/2021 03:54:11 - Processamento - TransferirDadosProcessados - 00:00:00
INFO 04/30/2021 03:54:11 - Processamento - TransferirDadosProcessados - 00:00:00
INFO 04/30/2021 03:54:11 - Processamento - TransferirDadosProcessados - 00:00:00
INFO 04/30/2021 03:54:12 - Processamento - TransferirDadosProcessados - 00:00:00
INFO 04/30/2021 03:54:12 - Processamento - TransferirDadosProcessados - 00:00:00
INFO 04/30/2021 03:54:12 - Processamento - TransferirDadosProcessados - 00:00:00
INFO 04/30/2021 03:54:12 - Processamento - TransferirDadosProcessados - 00:00:00
INFO 04/30/2021 03:54:12 - Processamento - TransferirDadosProcessados - 00:00:00
INFO 04/30/2021 03:54:13 - Processamento - TransferirDadosProcessados - 00:00:00
INFO 04/30/2021 03:54:13 - Processamento - TransferirDadosProcessados - 00:00:00
INFO 04/30/2021 03:54:14 - Processamento - TransferirDadosProcessados - 00:00:00
INFO 04/30/2021 03:54:14 - Processamento - TransferirDadosProcessados - 00:00:00
INFO 04/30/2021 03:54:14 - Processamento - TransferirDadosProcessados - 00:00:00
INFO 04/30/2021 03:54:14 - Processamento - TransferirDadosProcessados - 00:00:00
INFO 04/30/2021 03:54:15 - Processamento - TransferirDadosProcessados - 00:00:00
INFO 04/30/2021 03:54:15 - Processamento - TransferirDadosProcessados - 00:00:00
INFO 04/30/2021 03:54:15 - Processamento - TransferirDadosProcessados - 00:00:00
INFO 04/30/2021 03:54:15 - Processamento - TransferirDadosProcessados - 00:00:00
INFO 04/30/2021 03:54:15 - Processamento - TransferirDadosProcessados - 00:00:00
INFO 04/30/2021 03:54:16 - Processamento - TransferirDadosProcessados - 00:00:00
INFO 04/30/2021 03:54:16 - Processamento - TransferirDadosProcessados - 00:00:00
INFO 04/30/2021 03:54:16 - Processamento - TransferirDadosProcessados - 00:00:00
INFO 04/30/2021 03:54:17 - Processamento - TransferirDadosProcessados - 00:00:00
INFO 04/30/2021 03:54:17 - Processamento - TransferirDadosProcessados - 00:00:00
INFO 04/30/2021 03:54:17 - Processamento - TransferirDadosProcessados - 00:00:00
INFO 04/30/2021 03:54:17 - Processamento - TransferirDadosProcessados - 00:00:00
INFO 04/30/2021 03:54:17 - Processamento - TransferirDadosProcessados - 00:00:00
INFO 04/30/2021 03:54:17 - Processamento - TransferirDadosProcessados - 00:00:00
INFO 04/30/2021 03:54:18 - Processamento - TransferirDadosProcessados - 00:00:00
INFO 04/30/2021 03:54:18 - Processamento - TransferirDadosProcessados - 00:00:00
INFO 04/30/2021 03:54:18 - Processamento - TransferirDadosProcessados - 00:00:00
INFO 04/30/2021 03:54:18 - Processamento - TransferirDadosProcessados - 00:00:00
INFO 04/30/2021 03:54:19 - Processamento - TransferirDadosProcessados - 00:00:01
INFO 04/30/2021 03:54:19 - Processamento - TransferirDadosProcessados - 00:00:00
INFO 04/30/2021 03:54:19 - Processamento - TransferirDadosProcessados - 00:00:00
INFO 04/30/2021 03:54:19 - Processamento - TransferirDadosProcessados - 00:00:00
INFO 04/30/2021 03:54:19 - Processamento - TransferirDadosProcessados - 00:00:00
INFO 04/30/2021 03:54:20 - Processamento - TransferirDadosProcessados - 00:00:00
INFO 04/30/2021 03:54:20 - Processamento - TransferirDadosProcessados - 00:00:00
INFO 04/30/2021 03:54:20 - Processamento - TransferirDadosProcessados - 00:00:00
INFO 04/30/2021 03:54:20 - Processamento - TransferirDadosProcessados - 00:00:00
INFO 04/30/2021 03:54:20 - Processamento - TransferirDadosProcessados - 00:00:00
INFO 04/30/2021 03:54:21 - Processamento - TransferirDadosProcessados - 00:00:00
INFO 04/30/2021 03:54:21 - Processamento - TransferirDadosProcessados - 00:00:00
INFO 04/30/2021 04:14:28 - Processamento - tblCompraNFItem - 00:00:04
INFO 04/30/2021 04:14:31 - Processamento - TransferirDadosProcessados - 00:00:00
INFO 04/30/2021 04:15:10 - Processamento - tblCompraNFItem - 00:00:39
INFO 04/30/2021 04:15:11 - Processamento - TransferirDadosProcessados - 00:00:00
INFO 04/30/2021 04:15:35 - Processamento - tblCompraNFItem - 00:00:24
INFO 04/30/2021 04:15:36 - Processamento - TransferirDadosProcessados - 00:00:00
INFO 04/30/2021 04:15:37 - Processamento - tblCompraNFItem - 00:00:01
INFO 04/30/2021 04:15:37 - Processamento - TransferirDadosProcessados - 00:00:00
INFO 04/30/2021 04:15:38 - Processamento - tblCompraNFItem - 00:00:01
INFO 04/30/2021 04:15:39 - Processamento - TransferirDadosProcessados - 00:00:01
INFO 04/30/2021 04:16:01 - Processamento - tblCompraNFItem - 00:00:22
INFO 04/30/2021 04:16:01 - Processamento - TransferirDadosProcessados - 00:00:00
INFO 04/30/2021 04:16:02 - Processamento - tblCompraNFItem - 00:00:01
INFO 04/30/2021 04:16:03 - Processamento - TransferirDadosProcessados - 00:00:00
INFO 04/30/2021 04:16:03 - Processamento - tblCompraNFItem - 00:00:00
INFO 04/30/2021 04:16:04 - Processamento - TransferirDadosProcessados - 00:00:00
INFO 04/30/2021 04:16:04 - Processamento - tblCompraNFItem - 00:00:00
INFO 04/30/2021 04:16:05 - Processamento - TransferirDadosProcessados - 00:00:00
INFO 04/30/2021 04:16:05 - Processamento - tblCompraNFItem - 00:00:00
INFO 04/30/2021 04:16:06 - Processamento - TransferirDadosProcessados - 00:00:00
INFO 04/30/2021 04:16:06 - Processamento - tblCompraNFItem - 00:00:00
INFO 04/30/2021 04:16:07 - Processamento - TransferirDadosProcessados - 00:00:00
INFO 04/30/2021 04:16:07 - Processamento - tblCompraNFItem - 00:00:00
INFO 04/30/2021 04:16:08 - Processamento - TransferirDadosProcessados - 00:00:00
INFO 04/30/2021 04:16:09 - Processamento - tblCompraNFItem - 00:00:01
INFO 04/30/2021 04:16:10 - Processamento - TransferirDadosProcessados - 00:00:01
INFO 04/30/2021 04:16:40 - Processamento - tblCompraNFItem - 00:00:30
INFO 04/30/2021 04:16:41 - Processamento - TransferirDadosProcessados - 00:00:00
INFO 04/30/2021 04:16:41 - Processamento - tblCompraNFItem - 00:00:00
INFO 04/30/2021 04:16:42 - Processamento - TransferirDadosProcessados - 00:00:00
INFO 04/30/2021 04:17:23 - Processamento - tblCompraNFItem - 00:00:41
INFO 04/30/2021 04:18:05 - Processamento - TransferirDadosProcessados - 00:00:00
INFO 04/30/2021 04:18:05 - Processamento - tblCompraNFItem - 00:00:00
INFO 04/30/2021 04:18:06 - Processamento - TransferirDadosProcessados - 00:00:01
INFO 04/30/2021 04:18:06 - Processamento - tblCompraNFItem - 00:00:00
INFO 04/30/2021 04:18:06 - Processamento - TransferirDadosProcessados - 00:00:00
INFO 04/30/2021 04:18:06 - Processamento - tblCompraNFItem - 00:00:00
INFO 04/30/2021 04:18:06 - Processamento - TransferirDadosProcessados - 00:00:00
INFO 04/30/2021 04:18:06 - Processamento - tblCompraNFItem - 00:00:00
INFO 04/30/2021 04:18:07 - Processamento - TransferirDadosProcessados - 00:00:01
INFO 04/30/2021 04:18:07 - Processamento - tblCompraNFItem - 00:00:00
INFO 04/30/2021 04:18:07 - Processamento - TransferirDadosProcessados - 00:00:00
INFO 04/30/2021 04:18:07 - Processamento - tblCompraNFItem - 00:00:00
INFO 04/30/2021 04:18:07 - Processamento - TransferirDadosProcessados - 00:00:00
INFO 04/30/2021 04:18:09 - Processamento - tblCompraNFItem - 00:00:02
INFO 04/30/2021 04:18:10 - Processamento - TransferirDadosProcessados - 00:00:01
INFO 04/30/2021 04:18:10 - Processamento - tblCompraNFItem - 00:00:00
INFO 04/30/2021 04:18:10 - Processamento - TransferirDadosProcessados - 00:00:00
INFO 04/30/2021 04:18:14 - Processamento - tblCompraNFItem - 00:00:04
INFO 04/30/2021 04:18:15 - Processamento - TransferirDadosProcessados - 00:00:01
INFO 04/30/2021 04:18:23 - Processamento - tblCompraNFItem - 00:00:08
INFO 04/30/2021 04:18:28 - Processamento - TransferirDadosProcessados - 00:00:05
INFO 04/30/2021 04:18:28 - Processamento - tblCompraNFItem - 00:00:00
INFO 04/30/2021 04:18:28 - Processamento - TransferirDadosProcessados - 00:00:00
INFO 04/30/2021 04:18:29 - Processamento - tblCompraNFItem - 00:00:01
INFO 04/30/2021 04:18:29 - Processamento - TransferirDadosProcessados - 00:00:00
INFO 04/30/2021 04:18:48 - Processamento - tblCompraNFItem - 00:00:19
INFO 04/30/2021 04:18:52 - Processamento - TransferirDadosProcessados - 00:00:04
INFO 04/30/2021 04:18:52 - Processamento - tblCompraNFItem - 00:00:00
INFO 04/30/2021 04:18:52 - Processamento - TransferirDadosProcessados - 00:00:00
INFO 04/30/2021 04:18:53 - Processamento - tblCompraNFItem - 00:00:01
INFO 04/30/2021 04:18:53 - Processamento - TransferirDadosProcessados - 00:00:00
INFO 04/30/2021 04:18:53 - Processamento - tblCompraNFItem - 00:00:00
INFO 04/30/2021 04:18:54 - Processamento - TransferirDadosProcessados - 00:00:01
INFO 04/30/2021 04:18:54 - Processamento - tblCompraNFItem - 00:00:00
INFO 04/30/2021 04:18:54 - Processamento - TransferirDadosProcessados - 00:00:00
INFO 04/30/2021 04:18:54 - Processamento - tblCompraNFItem - 00:00:00
INFO 04/30/2021 04:18:55 - Processamento - TransferirDadosProcessados - 00:00:01
INFO 04/30/2021 04:18:55 - Processamento - tblCompraNFItem - 00:00:00
INFO 04/30/2021 04:18:55 - Processamento - TransferirDadosProcessados - 00:00:00
INFO 04/30/2021 04:18:55 - Processamento - tblCompraNFItem - 00:00:00
INFO 04/30/2021 04:18:55 - Processamento - TransferirDadosProcessados - 00:00:00
INFO 04/30/2021 04:18:55 - Processamento - tblCompraNFItem - 00:00:00
INFO 04/30/2021 04:18:56 - Processamento - TransferirDadosProcessados - 00:00:01
INFO 04/30/2021 04:18:56 - Processamento - tblCompraNFItem - 00:00:00
INFO 04/30/2021 04:18:56 - Processamento - TransferirDadosProcessados - 00:00:00
INFO 04/30/2021 04:18:56 - Processamento - tblCompraNFItem - 00:00:00
INFO 04/30/2021 04:18:56 - Processamento - TransferirDadosProcessados - 00:00:00
INFO 04/30/2021 04:18:56 - Processamento - tblCompraNFItem - 00:00:00
INFO 04/30/2021 04:18:56 - Processamento - TransferirDadosProcessados - 00:00:00
INFO 04/30/2021 04:18:57 - Processamento - tblCompraNFItem - 00:00:01
INFO 04/30/2021 04:18:58 - Processamento - TransferirDadosProcessados - 00:00:01
INFO 04/30/2021 04:18:58 - Processamento - tblCompraNFItem - 00:00:00
INFO 04/30/2021 04:18:58 - Processamento - TransferirDadosProcessados - 00:00:00
INFO 04/30/2021 04:18:58 - Processamento - tblCompraNFItem - 00:00:00
INFO 04/30/2021 04:18:59 - Processamento - TransferirDadosProcessados - 00:00:01
INFO 04/30/2021 04:18:59 - Processamento - tblCompraNFItem - 00:00:00
INFO 04/30/2021 04:18:59 - Processamento - TransferirDadosProcessados - 00:00:00
INFO 04/30/2021 04:18:59 - Processamento - tblCompraNFItem - 00:00:00
INFO 04/30/2021 04:18:59 - Processamento - TransferirDadosProcessados - 00:00:00
INFO 04/30/2021 04:19:00 - Processamento - tblCompraNFItem - 00:00:01
INFO 04/30/2021 04:19:00 - Processamento - TransferirDadosProcessados - 00:00:00
INFO 04/30/2021 04:19:00 - Processamento - tblCompraNFItem - 00:00:00
INFO 04/30/2021 04:19:00 - Processamento - TransferirDadosProcessados - 00:00:00
INFO 04/30/2021 04:19:00 - Processamento - tblCompraNFItem - 00:00:00
INFO 04/30/2021 04:19:00 - Processamento - TransferirDadosProcessados - 00:00:00
INFO 04/30/2021 04:20:55 - Processamento - tblCompraNFItem - 00:01:55
INFO 04/30/2021 04:20:55 - Processamento - TransferirDadosProcessados - 00:00:00
INFO 04/30/2021 04:20:56 - Processamento - tblCompraNFItem - 00:00:01
INFO 04/30/2021 04:20:56 - Processamento - TransferirDadosProcessados - 00:00:00
INFO 04/30/2021 04:20:56 - Processamento - tblCompraNFItem - 00:00:00
INFO 04/30/2021 04:20:57 - Processamento - TransferirDadosProcessados - 00:00:01
INFO 04/30/2021 04:20:57 - Processamento - tblCompraNFItem - 00:00:00
INFO 04/30/2021 04:20:57 - Processamento - TransferirDadosProcessados - 00:00:00
INFO 04/30/2021 04:20:57 - Processamento - tblCompraNFItem - 00:00:00
INFO 04/30/2021 04:20:57 - Processamento - TransferirDadosProcessados - 00:00:00
INFO 04/30/2021 04:20:57 - Processamento - tblCompraNFItem - 00:00:00
INFO 04/30/2021 04:20:57 - Processamento - TransferirDadosProcessados - 00:00:00
INFO 04/30/2021 04:20:57 - Processamento - tblCompraNFItem - 00:00:00
INFO 04/30/2021 04:20:57 - Processamento - TransferirDadosProcessados - 00:00:00
INFO 04/30/2021 04:20:57 - Processamento - tblCompraNFItem - 00:00:00
INFO 04/30/2021 04:20:58 - Processamento - TransferirDadosProcessados - 00:00:01
INFO 04/30/2021 04:20:58 - Processamento - tblCompraNFItem - 00:00:00
INFO 04/30/2021 04:20:58 - Processamento - TransferirDadosProcessados - 00:00:00
INFO 04/30/2021 04:20:58 - Processamento - tblCompraNFItem - 00:00:00
INFO 04/30/2021 04:20:58 - Processamento - TransferirDadosProcessados - 00:00:00
INFO 04/30/2021 04:20:58 - Processamento - tblCompraNFItem - 00:00:00
INFO 04/30/2021 04:20:58 - Processamento - TransferirDadosProcessados - 00:00:00
INFO 04/30/2021 04:20:58 - Processamento - tblCompraNFItem - 00:00:00
INFO 04/30/2021 04:20:58 - Processamento - TransferirDadosProcessados - 00:00:00
INFO 04/30/2021 04:20:59 - Processamento - tblCompraNFItem - 00:00:01
INFO 04/30/2021 04:20:59 - Processamento - TransferirDadosProcessados - 00:00:00
INFO 04/30/2021 04:20:59 - Processamento - tblCompraNFItem - 00:00:00
INFO 04/30/2021 04:20:59 - Processamento - TransferirDadosProcessados - 00:00:00
INFO 04/30/2021 04:20:59 - Processamento - tblCompraNFItem - 00:00:00
INFO 04/30/2021 04:20:59 - Processamento - TransferirDadosProcessados - 00:00:00
INFO 04/30/2021 04:20:59 - Processamento - tblCompraNFItem - 00:00:00
INFO 04/30/2021 04:20:59 - Processamento - TransferirDadosProcessados - 00:00:00
INFO 04/30/2021 04:21:00 - Processamento - tblCompraNFItem - 00:00:01
INFO 04/30/2021 04:21:00 - Processamento - TransferirDadosProcessados - 00:00:00
INFO 04/30/2021 04:21:00 - Processamento - tblCompraNFItem - 00:00:00
INFO 04/30/2021 04:21:00 - Processamento - TransferirDadosProcessados - 00:00:00
INFO 04/30/2021 04:21:00 - Processamento - tblCompraNFItem - 00:00:00
INFO 04/30/2021 04:21:00 - Processamento - TransferirDadosProcessados - 00:00:00
INFO 04/30/2021 04:21:00 - Processamento - tblCompraNFItem - 00:00:00
INFO 04/30/2021 04:21:00 - Processamento - TransferirDadosProcessados - 00:00:00
INFO 04/30/2021 04:21:00 - Processamento - tblCompraNFItem - 00:00:00
INFO 04/30/2021 04:21:00 - Processamento - TransferirDadosProcessados - 00:00:00
INFO 04/30/2021 04:21:01 - Processamento - tblCompraNFItem - 00:00:01
INFO 04/30/2021 04:21:01 - Processamento - TransferirDadosProcessados - 00:00:00
INFO 04/30/2021 04:21:01 - Processamento - tblCompraNFItem - 00:00:00
INFO 04/30/2021 04:21:01 - Processamento - TransferirDadosProcessados - 00:00:00
INFO 04/30/2021 04:21:02 - Processamento - tblCompraNFItem - 00:00:01
INFO 04/30/2021 04:21:02 - Processamento - TransferirDadosProcessados - 00:00:00
INFO 04/30/2021 04:21:03 - Processamento - tblCompraNFItem - 00:00:01
INFO 04/30/2021 04:21:03 - Processamento - TransferirDadosProcessados - 00:00:00
INFO 04/30/2021 04:21:04 - Processamento - tblCompraNFItem - 00:00:01
INFO 04/30/2021 04:21:04 - Processamento - TransferirDadosProcessados - 00:00:00
INFO 04/30/2021 04:21:04 - Processamento - tblCompraNFItem - 00:00:00
INFO 04/30/2021 04:21:04 - Processamento - TransferirDadosProcessados - 00:00:00
INFO 04/30/2021 04:21:04 - Processamento - tblCompraNFItem - 00:00:00
INFO 04/30/2021 04:21:04 - Processamento - TransferirDadosProcessados - 00:00:00
INFO 04/30/2021 04:21:04 - Processamento - tblCompraNFItem - 00:00:00
INFO 04/30/2021 04:21:04 - Processamento - TransferirDadosProcessados - 00:00:00
INFO 04/30/2021 04:21:05 - Processamento - tblCompraNFItem - 00:00:01
INFO 04/30/2021 04:21:05 - Processamento - TransferirDadosProcessados - 00:00:00
INFO 04/30/2021 04:21:05 - Processamento - tblCompraNFItem - 00:00:00
INFO 04/30/2021 04:21:05 - Processamento - TransferirDadosProcessados - 00:00:00
INFO 04/30/2021 04:21:05 - Processamento - tblCompraNFItem - 00:00:00
INFO 04/30/2021 04:21:05 - Processamento - TransferirDadosProcessados - 00:00:00
INFO 04/30/2021 04:21:05 - Processamento - tblCompraNFItem - 00:00:00
INFO 04/30/2021 04:21:05 - Processamento - TransferirDadosProcessados - 00:00:00
INFO 04/30/2021 04:21:05 - Processamento - tblCompraNFItem - 00:00:00
INFO 04/30/2021 04:21:05 - Processamento - TransferirDadosProcessados - 00:00:00
INFO 04/30/2021 04:21:06 - Processamento - tblCompraNFItem - 00:00:00
INFO 04/30/2021 04:21:06 - Processamento - TransferirDadosProcessados - 00:00:00
INFO 04/30/2021 04:21:06 - Processamento - tblCompraNFItem - 00:00:00
INFO 04/30/2021 04:21:06 - Processamento - TransferirDadosProcessados - 00:00:00
INFO 04/30/2021 04:21:06 - Processamento - tblCompraNFItem - 00:00:00
INFO 04/30/2021 04:21:06 - Processamento - TransferirDadosProcessados - 00:00:00
INFO 04/30/2021 04:21:06 - Processamento - tblCompraNFItem - 00:00:00
INFO 04/30/2021 04:21:06 - Processamento - TransferirDadosProcessados - 00:00:00
INFO 04/30/2021 04:21:07 - Processamento - tblCompraNFItem - 00:00:01
INFO 04/30/2021 04:21:07 - Processamento - TransferirDadosProcessados - 00:00:00
INFO 04/30/2021 04:21:07 - Processamento - tblCompraNFItem - 00:00:00
INFO 04/30/2021 04:21:08 - Processamento - TransferirDadosProcessados - 00:00:01
INFO 04/30/2021 04:21:08 - Processamento - tblCompraNFItem - 00:00:00
INFO 04/30/2021 04:21:08 - Processamento - TransferirDadosProcessados - 00:00:00
INFO 04/30/2021 04:21:09 - Processamento - tblCompraNFItem - 00:00:01
INFO 04/30/2021 04:21:09 - Processamento - TransferirDadosProcessados - 00:00:00
INFO 04/30/2021 04:21:09 - Processamento - tblCompraNFItem - 00:00:00
INFO 04/30/2021 04:21:09 - Processamento - TransferirDadosProcessados - 00:00:00
INFO 04/30/2021 04:21:10 - Processamento - tblCompraNFItem - 00:00:01
INFO 04/30/2021 04:21:10 - Processamento - TransferirDadosProcessados - 00:00:00
INFO 04/30/2021 04:21:11 - Processamento - tblCompraNFItem - 00:00:01
INFO 04/30/2021 04:21:11 - Processamento - TransferirDadosProcessados - 00:00:00
INFO 04/30/2021 04:21:11 - Processamento - tblCompraNFItem - 00:00:00
INFO 04/30/2021 04:21:11 - Processamento - TransferirDadosProcessados - 00:00:00
INFO 04/30/2021 04:21:11 - Processamento - tblCompraNFItem - 00:00:00
INFO 04/30/2021 04:21:11 - Processamento - TransferirDadosProcessados - 00:00:00
INFO 04/30/2021 04:21:12 - Processamento - tblCompraNFItem - 00:00:01
INFO 04/30/2021 04:21:13 - Processamento - TransferirDadosProcessados - 00:00:01
INFO 04/30/2021 04:21:13 - Processamento - tblCompraNFItem - 00:00:00
INFO 04/30/2021 04:21:13 - Processamento - TransferirDadosProcessados - 00:00:00
INFO 04/30/2021 04:21:13 - Processamento - tblCompraNFItem - 00:00:00
INFO 04/30/2021 04:21:13 - Processamento - TransferirDadosProcessados - 00:00:00
INFO 04/30/2021 04:21:13 - Processamento - tblCompraNFItem - 00:00:00
INFO 04/30/2021 04:21:13 - Processamento - TransferirDadosProcessados - 00:00:00
INFO 04/30/2021 04:21:13 - Processamento - tblCompraNFItem - 00:00:00
INFO 04/30/2021 04:21:13 - Processamento - TransferirDadosProcessados - 00:00:00
INFO 04/30/2021 04:21:13 - Processamento - tblCompraNFItem - 00:00:00
INFO 04/30/2021 04:21:14 - Processamento - TransferirDadosProcessados - 00:00:01
INFO 04/30/2021 04:21:14 - Processamento - tblCompraNFItem - 00:00:00
INFO 04/30/2021 04:21:14 - Processamento - TransferirDadosProcessados - 00:00:00
INFO 04/30/2021 04:21:14 - Processamento - tblCompraNFItem - 00:00:00
INFO 04/30/2021 04:21:14 - Processamento - TransferirDadosProcessados - 00:00:00
INFO 04/30/2021 04:21:14 - Processamento - tblCompraNFItem - 00:00:00
INFO 04/30/2021 04:21:14 - Processamento - TransferirDadosProcessados - 00:00:00
INFO 04/30/2021 04:21:14 - Processamento - tblCompraNFItem - 00:00:00
INFO 04/30/2021 04:21:14 - Processamento - TransferirDadosProcessados - 00:00:00
INFO 04/30/2021 04:21:15 - Processamento - tblCompraNFItem - 00:00:01
INFO 04/30/2021 04:21:15 - Processamento - TransferirDadosProcessados - 00:00:00
INFO 04/30/2021 04:21:15 - Processamento - tblCompraNFItem - 00:00:00
INFO 04/30/2021 04:21:15 - Processamento - TransferirDadosProcessados - 00:00:00
INFO 04/30/2021 04:21:15 - Processamento - tblCompraNFItem - 00:00:00
INFO 04/30/2021 04:21:15 - Processamento - TransferirDadosProcessados - 00:00:00
INFO 04/30/2021 04:21:15 - Processamento - tblCompraNFItem - 00:00:00
INFO 04/30/2021 04:21:15 - Processamento - TransferirDadosProcessados - 00:00:00
INFO 04/30/2021 04:21:15 - Processamento - tblCompraNFItem - 00:00:00
INFO 04/30/2021 04:21:15 - Processamento - TransferirDadosProcessados - 00:00:00
INFO 04/30/2021 04:21:16 - Processamento - tblCompraNFItem - 00:00:01
INFO 04/30/2021 04:21:16 - Processamento - TransferirDadosProcessados - 00:00:00
INFO 04/30/2021 04:21:16 - Processamento - tblCompraNFItem - 00:00:00
INFO 04/30/2021 04:21:16 - Processamento - TransferirDadosProcessados - 00:00:00
INFO 04/30/2021 04:21:16 - Processamento - tblCompraNFItem - 00:00:00
INFO 04/30/2021 04:21:16 - Processamento - TransferirDadosProcessados - 00:00:00
INFO 04/30/2021 04:21:16 - Processamento - tblCompraNFItem - 00:00:00
INFO 04/30/2021 04:21:16 - Processamento - TransferirDadosProcessados - 00:00:00
INFO 04/30/2021 04:21:16 - Processamento - tblCompraNFItem - 00:00:00
INFO 04/30/2021 04:21:16 - Processamento - TransferirDadosProcessados - 00:00:00
INFO 04/30/2021 04:21:17 - Processamento - tblCompraNFItem - 00:00:01
INFO 04/30/2021 04:21:17 - Processamento - TransferirDadosProcessados - 00:00:00
INFO 04/30/2021 04:21:17 - Processamento - tblCompraNFItem - 00:00:00
INFO 04/30/2021 04:21:17 - Processamento - TransferirDadosProcessados - 00:00:00
INFO 04/30/2021 04:21:17 - Processamento - tblCompraNFItem - 00:00:00
INFO 04/30/2021 04:21:17 - Processamento - TransferirDadosProcessados - 00:00:00
INFO 04/30/2021 04:21:17 - Processamento - tblCompraNFItem - 00:00:00
INFO 04/30/2021 04:21:17 - Processamento - TransferirDadosProcessados - 00:00:00
INFO 04/30/2021 04:21:17 - Processamento - tblCompraNFItem - 00:00:00
INFO 04/30/2021 04:21:18 - Processamento - TransferirDadosProcessados - 00:00:01
INFO 04/30/2021 04:21:18 - Processamento - tblCompraNFItem - 00:00:00
INFO 04/30/2021 04:21:18 - Processamento - TransferirDadosProcessados - 00:00:00
INFO 04/30/2021 04:21:18 - Processamento - tblCompraNFItem - 00:00:00
INFO 04/30/2021 04:21:18 - Processamento - TransferirDadosProcessados - 00:00:00
INFO 04/30/2021 04:21:18 - Processamento - tblCompraNFItem - 00:00:00
INFO 04/30/2021 04:21:18 - Processamento - TransferirDadosProcessados - 00:00:00
INFO 04/30/2021 04:21:19 - Processamento - tblCompraNFItem - 00:00:01
INFO 04/30/2021 04:21:19 - Processamento - TransferirDadosProcessados - 00:00:00
INFO 04/30/2021 04:21:19 - Processamento - tblCompraNFItem - 00:00:00
INFO 04/30/2021 04:21:19 - Processamento - TransferirDadosProcessados - 00:00:00
INFO 04/30/2021 04:21:19 - Processamento - tblCompraNFItem - 00:00:00
INFO 04/30/2021 04:21:19 - Processamento - TransferirDadosProcessados - 00:00:00
INFO 04/30/2021 04:21:20 - Processamento - tblCompraNFItem - 00:00:01
INFO 04/30/2021 04:21:20 - Processamento - TransferirDadosProcessados - 00:00:00
INFO 04/30/2021 04:21:20 - Processamento - tblCompraNFItem - 00:00:00
INFO 04/30/2021 04:21:20 - Processamento - TransferirDadosProcessados - 00:00:00
INFO 04/30/2021 04:21:20 - Processamento - tblCompraNFItem - 00:00:00
INFO 04/30/2021 04:21:20 - Processamento - TransferirDadosProcessados - 00:00:00
INFO 04/30/2021 04:21:20 - Processamento - tblCompraNFItem - 00:00:00
INFO 04/30/2021 04:21:21 - Processamento - TransferirDadosProcessados - 00:00:01
INFO 04/30/2021 04:21:21 - Processamento - tblCompraNFItem - 00:00:00
INFO 04/30/2021 04:21:21 - Processamento - TransferirDadosProcessados - 00:00:00
INFO 04/30/2021 04:21:21 - Processamento - tblCompraNFItem - 00:00:00
INFO 04/30/2021 04:21:21 - Processamento - TransferirDadosProcessados - 00:00:00
INFO 04/30/2021 04:21:21 - Processamento - tblCompraNFItem - 00:00:00
INFO 04/30/2021 04:21:21 - Processamento - TransferirDadosProcessados - 00:00:00
INFO 04/30/2021 04:21:21 - Processamento - tblCompraNFItem - 00:00:00
INFO 04/30/2021 04:21:21 - Processamento - TransferirDadosProcessados - 00:00:00
INFO 04/30/2021 04:21:22 - Processamento - tblCompraNFItem - 00:00:01
INFO 04/30/2021 04:21:22 - Processamento - TransferirDadosProcessados - 00:00:00
INFO 04/30/2021 04:21:22 - Processamento - tblCompraNFItem - 00:00:00
INFO 04/30/2021 04:21:22 - Processamento - TransferirDadosProcessados - 00:00:00
INFO 04/30/2021 04:21:22 - Processamento - tblCompraNFItem - 00:00:00
INFO 04/30/2021 04:21:22 - Processamento - TransferirDadosProcessados - 00:00:00
INFO 04/30/2021 04:21:22 - Processamento - tblCompraNFItem - 00:00:00
INFO 04/30/2021 04:21:23 - Processamento - TransferirDadosProcessados - 00:00:01
INFO 04/30/2021 04:21:23 - Processamento - tblCompraNFItem - 00:00:00
INFO 04/30/2021 04:21:23 - Processamento - TransferirDadosProcessados - 00:00:00
INFO 04/30/2021 04:21:23 - Processamento - tblCompraNFItem - 00:00:00
INFO 04/30/2021 04:21:23 - Processamento - TransferirDadosProcessados - 00:00:00
INFO 04/30/2021 04:21:23 - Processamento - tblCompraNFItem - 00:00:00
INFO 04/30/2021 04:21:23 - Processamento - TransferirDadosProcessados - 00:00:00
INFO 04/30/2021 04:21:23 - Processamento - tblCompraNFItem - 00:00:00
INFO 04/30/2021 04:21:23 - Processamento - TransferirDadosProcessados - 00:00:00
INFO 04/30/2021 04:21:23 - Processamento - tblCompraNFItem - 00:00:00
INFO 04/30/2021 04:21:23 - Processamento - TransferirDadosProcessados - 00:00:00
INFO 04/30/2021 04:21:24 - Processamento - tblCompraNFItem - 00:00:01
INFO 04/30/2021 04:21:24 - Processamento - TransferirDadosProcessados - 00:00:00
INFO 04/30/2021 04:21:24 - Processamento - tblCompraNFItem - 00:00:00
INFO 04/30/2021 04:21:24 - Processamento - TransferirDadosProcessados - 00:00:00
INFO 04/30/2021 04:21:24 - Processamento - tblCompraNFItem - 00:00:00
INFO 04/30/2021 04:21:24 - Processamento - TransferirDadosProcessados - 00:00:00
INFO 04/30/2021 04:21:24 - Processamento - tblCompraNFItem - 00:00:00
INFO 04/30/2021 04:21:24 - Processamento - TransferirDadosProcessados - 00:00:00
INFO 04/30/2021 04:21:24 - Processamento - tblCompraNFItem - 00:00:00
INFO 04/30/2021 04:21:24 - Processamento - TransferirDadosProcessados - 00:00:00
INFO 04/30/2021 04:21:25 - Processamento - tblCompraNFItem - 00:00:01
INFO 04/30/2021 04:21:25 - Processamento - TransferirDadosProcessados - 00:00:00
INFO 04/30/2021 04:21:25 - Processamento - tblCompraNFItem - 00:00:00
INFO 04/30/2021 04:21:25 - Processamento - TransferirDadosProcessados - 00:00:00
INFO 04/30/2021 04:21:25 - Processamento - tblCompraNFItem - 00:00:00
INFO 04/30/2021 04:21:25 - Processamento - TransferirDadosProcessados - 00:00:00
INFO 04/30/2021 04:21:25 - Processamento - tblCompraNFItem - 00:00:00
INFO 04/30/2021 04:21:25 - Processamento - TransferirDadosProcessados - 00:00:00
INFO 04/30/2021 04:21:25 - Processamento - tblCompraNFItem - 00:00:00
INFO 04/30/2021 04:21:25 - Processamento - TransferirDadosProcessados - 00:00:00
INFO 04/30/2021 04:21:25 - Processamento - tblCompraNFItem - 00:00:00
INFO 04/30/2021 04:21:26 - Processamento - TransferirDadosProcessados - 00:00:01
INFO 04/30/2021 04:21:26 - Processamento - tblCompraNFItem - 00:00:00
INFO 04/30/2021 04:21:26 - Processamento - TransferirDadosProcessados - 00:00:00
INFO 04/30/2021 04:21:26 - Processamento - tblCompraNFItem - 00:00:00
INFO 04/30/2021 04:21:26 - Processamento - TransferirDadosProcessados - 00:00:00
INFO 04/30/2021 04:21:26 - Processamento - tblCompraNFItem - 00:00:00
INFO 04/30/2021 04:21:26 - Processamento - TransferirDadosProcessados - 00:00:00
INFO 04/30/2021 04:21:26 - Processamento - tblCompraNFItem - 00:00:00
INFO 04/30/2021 04:21:26 - Processamento - TransferirDadosProcessados - 00:00:00
INFO 04/30/2021 04:21:26 - Processamento - tblCompraNFItem - 00:00:00
INFO 04/30/2021 04:21:26 - Processamento - TransferirDadosProcessados - 00:00:00
INFO 04/30/2021 04:21:27 - Processamento - tblCompraNFItem - 00:00:01
INFO 04/30/2021 04:21:27 - Processamento - TransferirDadosProcessados - 00:00:00
INFO 04/30/2021 04:21:27 - Processamento - tblCompraNFItem - 00:00:00
INFO 04/30/2021 04:21:27 - Processamento - TransferirDadosProcessados - 00:00:00
INFO 04/30/2021 04:21:28 - Processamento - tblCompraNFItem - 00:00:01
INFO 04/30/2021 04:21:29 - Processamento - TransferirDadosProcessados - 00:00:01
INFO 04/30/2021 04:21:29 - Processamento - tblCompraNFItem - 00:00:00
INFO 04/30/2021 04:21:29 - Processamento - TransferirDadosProcessados - 00:00:00
INFO 04/30/2021 04:21:29 - Processamento - tblCompraNFItem - 00:00:00
INFO 04/30/2021 04:21:29 - Processamento - TransferirDadosProcessados - 00:00:00
INFO 04/30/2021 04:21:29 - Processamento - tblCompraNFItem - 00:00:00
INFO 04/30/2021 04:21:29 - Processamento - TransferirDadosProcessados - 00:00:00
INFO 04/30/2021 04:21:30 - Processamento - tblCompraNFItem - 00:00:01
INFO 04/30/2021 04:21:31 - Processamento - TransferirDadosProcessados - 00:00:01
INFO 04/30/2021 04:21:31 - Processamento - tblCompraNFItem - 00:00:00
INFO 04/30/2021 04:21:31 - Processamento - TransferirDadosProcessados - 00:00:00
INFO 04/30/2021 04:21:31 - Processamento - tblCompraNFItem - 00:00:00
INFO 04/30/2021 04:21:31 - Processamento - TransferirDadosProcessados - 00:00:00
INFO 04/30/2021 04:21:32 - Processamento - tblCompraNFItem - 00:00:01
INFO 04/30/2021 04:21:32 - Processamento - TransferirDadosProcessados - 00:00:00
INFO 04/30/2021 04:21:32 - Processamento - tblCompraNFItem - 00:00:00
INFO 04/30/2021 04:21:32 - Processamento - TransferirDadosProcessados - 00:00:00
INFO 04/30/2021 05:18:19 - Processamento - TransferirDadosProcessados - 00:02:34
INFO 04/30/2021 05:18:19 - Processamento - carregarComprasItens - 00:03:36
INFO 04/30/2021 10:13:50 - Processamento - TransferirDadosProcessados - 00:01:35
INFO 04/30/2021 10:13:50 - Processamento - carregarComprasItens - 00:01:37
INFO 04/30/2021 10:18:02 - Processamento - TransferirDadosProcessados - 00:00:06
INFO 04/30/2021 10:18:02 - Processamento - carregarComprasItens - 00:00:25
