INFO 02/02/2022 08:42:46 - carregarDadosGerais - Importar Dados Gerais ( Quantidade de registros: 0 ) - 00:00:01
INFO 02/02/2022 09:40:48 - carregarDadosGerais - Importar Dados Gerais ( Quantidade de registros: 1087 ) - 00:06:59
INFO 02/02/2022 10:30:09 - carregarArquivosPendentes - Importar arquivos pendentes ( Quantidade de registros: 562 ) - 00:15:47
File not found
File not found
INFO 02/02/2022 11:28:23 - carregarDadosGerais - Importar Dados Gerais ( Quantidade de registros: 1087 ) - 00:10:38
INFO 02/02/2022 12:35:16 - carregarArquivosPendentes - Importar arquivos pendentes ( Quantidade de registros: 0 ) - 00:00:00
INFO 02/02/2022 12:38:00 - carregarArquivosPendentes - Importar arquivos pendentes ( Quantidade de registros: 0 ) - 00:00:01
INFO 02/02/2022 12:44:58 - carregarDadosGerais - Importar Dados Gerais ( Quantidade de registros: 1087 ) - 00:02:37
INFO 02/02/2022 12:58:32 - carregarArquivosPendentes - Importar arquivos pendentes ( Quantidade de registros: 562 ) - 00:10:25
INFO 02/02/2022 13:02:42 - Processamento - CriarTipoDeArquivo (FlagLancadaERP) - 00:00:04
INFO 02/02/2022 13:02:46 - Processamento - CriarTipoDeArquivo (Manifesto) - 00:00:04
INFO 02/02/2022 13:02:46 - CadastroDeComprasEmServidor - Exportar compras ( Quantidade de registros: 563 ) - 00:03:16
INFO 02/02/2022 13:02:46 - Processamento - CriarTipoDeArquivo () - 00:00:00
INFO 02/02/2022 13:02:46 - Processamento - CriarTipoDeArquivo () - 00:00:00
INFO 02/02/2022 13:04:01 - carregarDadosGerais - Importar Dados Gerais ( Quantidade de registros: 0 ) - 00:00:01
INFO 02/02/2022 13:07:34 - carregarDadosGerais - Importar Dados Gerais ( Quantidade de registros: 1087 ) - 00:02:34
Data type mismatch in criteria expression.
Data type mismatch in criteria expression.
Data type mismatch in criteria expression.
Data type mismatch in criteria expression.
Invalid use of Null
